This file contains any messages produced by compilers while
running configure, to aid debugging if configure makes a mistake.

It was created by gperftools configure 2.0, which was
generated by GNU Autoconf 2.63.  Invocation command line was

  $ ./configure --prefix=/afs/cs.wisc.edu/u/s/w/swapnilh/private/NVM_fall2015/gem5_new/gem5/workloads/echo-keyvalue2/echo/src/malloc --enable-minimal --no-create --no-recursion

## --------- ##
## Platform. ##
## --------- ##

hostname = gratiano.cs.wisc.edu
uname -m = x86_64
uname -r = 2.6.32-573.7.1.el6.x86_64
uname -s = Linux
uname -v = #1 SMP Thu Sep 10 13:42:16 EDT 2015

/usr/bin/uname -p = unknown
/bin/uname -X     = unknown

/bin/arch              = x86_64
/usr/bin/arch -k       = unknown
/usr/convex/getsysinfo = unknown
/usr/bin/hostinfo      = unknown
/bin/machine           = unknown
/usr/bin/oslevel       = unknown
/bin/universe          = unknown

PATH: /unsup/condor/bin
PATH: /s/cuda-3.1/cuda/bin/
PATH: /s/swig-2.0.6/bin/
PATH: /s/gcc-4.7.3/bin
PATH: /u/s/w/swapnilh/private/bin/
PATH: /s/python-2.7.3/
PATH: /s/std/bin
PATH: /unsup/condor/bin
PATH: /s/cuda-3.1/cuda/bin/
PATH: /s/swig-2.0.6/bin/
PATH: /s/gcc-4.7.3/bin
PATH: /u/s/w/swapnilh/private/bin/
PATH: /s/python-2.7.3/
PATH: /s/std/bin
PATH: /unsup/condor/bin
PATH: /s/cuda-3.1/cuda/bin/
PATH: /s/swig-2.0.6/bin/
PATH: /s/gcc-4.7.3/bin
PATH: /u/s/w/swapnilh/private/bin/
PATH: /s/python-2.7.3/
PATH: /s/std/bin
PATH: /usr/lib64/qt-3.3/bin
PATH: /usr/local/bin
PATH: /usr/bin
PATH: /bin
PATH: /usr/local/sbin
PATH: /usr/sbin
PATH: /sbin
PATH: /usr/afsws/bin
PATH: /bin
PATH: /usr/bin
PATH: .
PATH: /usr/afsws/bin
PATH: /bin
PATH: /usr/bin
PATH: .
PATH: /usr/afsws/bin
PATH: /bin
PATH: /usr/bin
PATH: .


## ----------- ##
## Core tests. ##
## ----------- ##

configure:2142: checking build system type
configure:2160: result: x86_64-unknown-linux-gnu
configure:2182: checking host system type
configure:2197: result: x86_64-unknown-linux-gnu
configure:2235: checking for a BSD-compatible install
configure:2303: result: /usr/bin/install -c
configure:2314: checking whether build environment is sane
configure:2357: result: yes
configure:2382: checking for a thread-safe mkdir -p
configure:2421: result: /bin/mkdir -p
configure:2434: checking for gawk
configure:2450: found /usr/bin/gawk
configure:2461: result: gawk
configure:2472: checking whether make sets $(MAKE)
configure:2494: result: yes
configure:2810: checking for g++
configure:2826: found /s/gcc-4.7.3/bin/g++
configure:2837: result: g++
configure:2864: checking for C++ compiler version
configure:2872: g++ --version >&5
g++.bin (GCC) 4.7.3
Copyright (C) 2012 Free Software Foundation, Inc.
This is free software; see the source for copying conditions.  There is NO
warranty; not even for MERCHANTABILITY or FITNESS FOR A PARTICULAR PURPOSE.

configure:2876: $? = 0
configure:2883: g++ -v >&5
Reading specs from /afs/cs.wisc.edu/s/gcc-4.7.3/amd64_rhel6/bin/../lib/gcc/x86_64-unknown-linux-gnu/4.7.3/specs
COLLECT_GCC=/s/gcc-4.7.3/amd64_rhel6/bin/g++.bin
COLLECT_LTO_WRAPPER=/afs/cs.wisc.edu/s/gcc-4.7.3/amd64_rhel6/bin/../libexec/gcc/x86_64-unknown-linux-gnu/4.7.3/lto-wrapper
Target: x86_64-unknown-linux-gnu
Configured with: ../gcc-4.7.3/configure --prefix=/s/gcc-4.7.3/amd64_rhel6 --enable-shared --enable-threads=posix --enable-checking=release --with-system-zlib --enable-__cxa_atexit --disable-libunwind-exceptions --enable-libgcj-multifile --enable-languages=c,c++,objc,obj-c++,fortran --disable-dssi --enable-plugin --with-cpu=generic
Thread model: posix
gcc version 4.7.3 (GCC) 
configure:2887: $? = 0
configure:2894: g++ -V >&5
g++.bin: error: unrecognized command line option '-V'
g++.bin: fatal error: no input files
compilation terminated.
configure:2898: $? = 1
configure:2921: checking for C++ compiler default output file name
configure:2943: g++    conftest.cpp  >&5
configure:2947: $? = 0
configure:2985: result: a.out
configure:3004: checking whether the C++ compiler works
configure:3014: ./a.out
configure:3018: $? = 0
configure:3037: result: yes
configure:3044: checking whether we are cross compiling
configure:3046: result: no
configure:3049: checking for suffix of executables
configure:3056: g++ -o conftest    conftest.cpp  >&5
configure:3060: $? = 0
configure:3086: result: 
configure:3092: checking for suffix of object files
configure:3118: g++ -c   conftest.cpp >&5
configure:3122: $? = 0
configure:3147: result: o
configure:3151: checking whether we are using the GNU C++ compiler
configure:3180: g++ -c   conftest.cpp >&5
configure:3187: $? = 0
configure:3204: result: yes
configure:3213: checking whether g++ accepts -g
configure:3243: g++ -c -g  conftest.cpp >&5
configure:3250: $? = 0
configure:3351: result: yes
configure:3385: checking for style of include used by make
configure:3413: result: GNU
configure:3438: checking dependency style of g++
configure:3529: result: gcc3
configure:3592: checking for gcc
configure:3608: found /s/gcc-4.7.3/bin/gcc
configure:3619: result: gcc
configure:3851: checking for C compiler version
configure:3859: gcc --version >&5
gcc.bin (GCC) 4.7.3
Copyright (C) 2012 Free Software Foundation, Inc.
This is free software; see the source for copying conditions.  There is NO
warranty; not even for MERCHANTABILITY or FITNESS FOR A PARTICULAR PURPOSE.

configure:3863: $? = 0
configure:3870: gcc -v >&5
Reading specs from /afs/cs.wisc.edu/s/gcc-4.7.3/amd64_rhel6/bin/../lib/gcc/x86_64-unknown-linux-gnu/4.7.3/specs
COLLECT_GCC=/s/gcc-4.7.3/amd64_rhel6/bin/gcc.bin
COLLECT_LTO_WRAPPER=/afs/cs.wisc.edu/s/gcc-4.7.3/amd64_rhel6/bin/../libexec/gcc/x86_64-unknown-linux-gnu/4.7.3/lto-wrapper
Target: x86_64-unknown-linux-gnu
Configured with: ../gcc-4.7.3/configure --prefix=/s/gcc-4.7.3/amd64_rhel6 --enable-shared --enable-threads=posix --enable-checking=release --with-system-zlib --enable-__cxa_atexit --disable-libunwind-exceptions --enable-libgcj-multifile --enable-languages=c,c++,objc,obj-c++,fortran --disable-dssi --enable-plugin --with-cpu=generic
Thread model: posix
gcc version 4.7.3 (GCC) 
configure:3874: $? = 0
configure:3881: gcc -V >&5
gcc.bin: error: unrecognized command line option '-V'
gcc.bin: fatal error: no input files
compilation terminated.
configure:3885: $? = 1
configure:3888: checking whether we are using the GNU C compiler
configure:3917: gcc -c   conftest.c >&5
configure:3924: $? = 0
configure:3941: result: yes
configure:3950: checking whether gcc accepts -g
configure:3980: gcc -c -g  conftest.c >&5
configure:3987: $? = 0
configure:4088: result: yes
configure:4105: checking for gcc option to accept ISO C89
configure:4179: gcc  -c -g -O2  conftest.c >&5
configure:4186: $? = 0
configure:4209: result: none needed
configure:4229: checking dependency style of gcc
configure:4320: result: gcc3
configure:4340: checking how to run the C preprocessor
configure:4380: gcc -E  conftest.c
configure:4387: $? = 0
configure:4418: gcc -E  conftest.c
conftest.c:10:28: fatal error: ac_nonexistent.h: No such file or directory
compilation terminated.
configure:4425: $? = 1
configure: failed program was:
| /* confdefs.h.  */
| #define PACKAGE_NAME "gperftools"
| #define PACKAGE_TARNAME "gperftools"
| #define PACKAGE_VERSION "2.0"
| #define PACKAGE_STRING "gperftools 2.0"
| #define PACKAGE_BUGREPORT "google-perftools@googlegroups.com"
| #define PACKAGE "gperftools"
| #define VERSION "2.0"
| /* end confdefs.h.  */
| #include <ac_nonexistent.h>
configure:4458: result: gcc -E
configure:4487: gcc -E  conftest.c
configure:4494: $? = 0
configure:4525: gcc -E  conftest.c
conftest.c:10:28: fatal error: ac_nonexistent.h: No such file or directory
compilation terminated.
configure:4532: $? = 1
configure: failed program was:
| /* confdefs.h.  */
| #define PACKAGE_NAME "gperftools"
| #define PACKAGE_TARNAME "gperftools"
| #define PACKAGE_VERSION "2.0"
| #define PACKAGE_STRING "gperftools 2.0"
| #define PACKAGE_BUGREPORT "google-perftools@googlegroups.com"
| #define PACKAGE "gperftools"
| #define VERSION "2.0"
| /* end confdefs.h.  */
| #include <ac_nonexistent.h>
configure:4580: checking whether gcc and cc understand -c and -o together
configure:4615: gcc -c conftest.c -o conftest2.o >&5
configure:4619: $? = 0
configure:4625: gcc -c conftest.c -o conftest2.o >&5
configure:4629: $? = 0
configure:4640: cc -c conftest.c >&5
configure:4644: $? = 0
configure:4652: cc -c conftest.c -o conftest2.o >&5
configure:4656: $? = 0
configure:4662: cc -c conftest.c -o conftest2.o >&5
configure:4666: $? = 0
configure:4684: result: yes
configure:4755: checking for objcopy
configure:4771: found /usr/bin/objcopy
configure:4782: result: objcopy
configure:4806: checking if objcopy supports -W
configure:4820: gcc -o conftest -g -O2   conftest.c  >&5
configure:4827: $? = 0
configure:4852: result: yes
configure:4962: checking for a sed that does not truncate output
configure:5028: result: /bin/sed
configure:5046: checking for grep that handles long lines and -e
configure:5106: result: /bin/grep
configure:5111: checking for egrep
configure:5175: result: /bin/grep -E
configure:5180: checking for fgrep
configure:5244: result: /bin/grep -F
configure:5279: checking for ld used by gcc
configure:5346: result: /usr/bin/ld
configure:5355: checking if the linker (/usr/bin/ld) is GNU ld
configure:5370: result: yes
configure:5382: checking for BSD- or MS-compatible name lister (nm)
configure:5431: result: /usr/bin/nm -B
configure:5549: checking the name lister (/usr/bin/nm -B) interface
configure:5556: gcc -c -g -O2  conftest.c >&5
configure:5559: /usr/bin/nm -B "conftest.o"
configure:5562: output
0000000000000000 B some_variable
configure:5569: result: BSD nm
configure:5572: checking whether ln -s works
configure:5576: result: yes
configure:5584: checking the maximum length of command line arguments
configure:5704: result: 1966080
configure:5721: checking whether the shell understands some XSI constructs
configure:5731: result: yes
configure:5735: checking whether the shell understands "+="
configure:5741: result: yes
configure:5776: checking for /usr/bin/ld option to reload object files
configure:5783: result: -r
configure:5852: checking for objdump
configure:5868: found /usr/bin/objdump
configure:5879: result: objdump
configure:5911: checking how to recognize dependent libraries
configure:6107: result: pass_all
configure:6167: checking for ar
configure:6183: found /usr/bin/ar
configure:6194: result: ar
configure:6272: checking for strip
configure:6288: found /usr/bin/strip
configure:6299: result: strip
configure:6371: checking for ranlib
configure:6387: found /usr/bin/ranlib
configure:6398: result: ranlib
configure:6488: checking command to parse /usr/bin/nm -B output from gcc object
configure:6606: gcc -c -g -O2  conftest.c >&5
configure:6609: $? = 0
configure:6613: /usr/bin/nm -B conftest.o \| sed -n -e 's/^.*[	 ]\([ABCDGIRSTW][ABCDGIRSTW]*\)[	 ][	 ]*\([_A-Za-z][_A-Za-z0-9]*\)$/\1 \2 \2/p' \> conftest.nm
configure:6616: $? = 0
configure:6670: gcc -o conftest -g -O2   conftest.c conftstm.o >&5
configure:6673: $? = 0
configure:6711: result: ok
configure:6806: gcc -c -g -O2  conftest.c >&5
configure:6809: $? = 0
configure:7573: checking for ANSI C header files
configure:7603: gcc -c -g -O2  conftest.c >&5
configure:7610: $? = 0
configure:7709: gcc -o conftest -g -O2   conftest.c  >&5
configure:7713: $? = 0
configure:7719: ./conftest
configure:7723: $? = 0
configure:7741: result: yes
configure:7765: checking for sys/types.h
configure:7786: gcc -c -g -O2  conftest.c >&5
configure:7793: $? = 0
configure:7810: result: yes
configure:7765: checking for sys/stat.h
configure:7786: gcc -c -g -O2  conftest.c >&5
configure:7793: $? = 0
configure:7810: result: yes
configure:7765: checking for stdlib.h
configure:7786: gcc -c -g -O2  conftest.c >&5
configure:7793: $? = 0
configure:7810: result: yes
configure:7765: checking for string.h
configure:7786: gcc -c -g -O2  conftest.c >&5
configure:7793: $? = 0
configure:7810: result: yes
configure:7765: checking for memory.h
configure:7786: gcc -c -g -O2  conftest.c >&5
configure:7793: $? = 0
configure:7810: result: yes
configure:7765: checking for strings.h
configure:7786: gcc -c -g -O2  conftest.c >&5
configure:7793: $? = 0
configure:7810: result: yes
configure:7765: checking for inttypes.h
configure:7786: gcc -c -g -O2  conftest.c >&5
configure:7793: $? = 0
configure:7810: result: yes
configure:7765: checking for stdint.h
configure:7786: gcc -c -g -O2  conftest.c >&5
configure:7793: $? = 0
configure:7810: result: yes
configure:7765: checking for unistd.h
configure:7786: gcc -c -g -O2  conftest.c >&5
configure:7793: $? = 0
configure:7810: result: yes
configure:7828: checking for dlfcn.h
configure:7849: gcc -c -g -O2  conftest.c >&5
configure:7856: $? = 0
configure:7873: result: yes
configure:8000: checking for C++ compiler version
configure:8008: g++ --version >&5
g++.bin (GCC) 4.7.3
Copyright (C) 2012 Free Software Foundation, Inc.
This is free software; see the source for copying conditions.  There is NO
warranty; not even for MERCHANTABILITY or FITNESS FOR A PARTICULAR PURPOSE.

configure:8012: $? = 0
configure:8019: g++ -v >&5
Reading specs from /afs/cs.wisc.edu/s/gcc-4.7.3/amd64_rhel6/bin/../lib/gcc/x86_64-unknown-linux-gnu/4.7.3/specs
COLLECT_GCC=/s/gcc-4.7.3/amd64_rhel6/bin/g++.bin
COLLECT_LTO_WRAPPER=/afs/cs.wisc.edu/s/gcc-4.7.3/amd64_rhel6/bin/../libexec/gcc/x86_64-unknown-linux-gnu/4.7.3/lto-wrapper
Target: x86_64-unknown-linux-gnu
Configured with: ../gcc-4.7.3/configure --prefix=/s/gcc-4.7.3/amd64_rhel6 --enable-shared --enable-threads=posix --enable-checking=release --with-system-zlib --enable-__cxa_atexit --disable-libunwind-exceptions --enable-libgcj-multifile --enable-languages=c,c++,objc,obj-c++,fortran --disable-dssi --enable-plugin --with-cpu=generic
Thread model: posix
gcc version 4.7.3 (GCC) 
configure:8023: $? = 0
configure:8030: g++ -V >&5
g++.bin: error: unrecognized command line option '-V'
g++.bin: fatal error: no input files
compilation terminated.
configure:8034: $? = 1
configure:8037: checking whether we are using the GNU C++ compiler
configure:8090: result: yes
configure:8099: checking whether g++ accepts -g
configure:8237: result: yes
configure:8262: checking dependency style of g++
configure:8353: result: gcc3
configure:8376: checking how to run the C++ preprocessor
configure:8412: g++ -E  conftest.cpp
configure:8419: $? = 0
configure:8450: g++ -E  conftest.cpp
conftest.cpp:21:28: fatal error: ac_nonexistent.h: No such file or directory
compilation terminated.
configure:8457: $? = 1
configure: failed program was:
| /* confdefs.h.  */
| #define PACKAGE_NAME "gperftools"
| #define PACKAGE_TARNAME "gperftools"
| #define PACKAGE_VERSION "2.0"
| #define PACKAGE_STRING "gperftools 2.0"
| #define PACKAGE_BUGREPORT "google-perftools@googlegroups.com"
| #define PACKAGE "gperftools"
| #define VERSION "2.0"
| #define STDC_HEADERS 1
| #define HAVE_SYS_TYPES_H 1
| #define HAVE_SYS_STAT_H 1
| #define HAVE_STDLIB_H 1
| #define HAVE_STRING_H 1
| #define HAVE_MEMORY_H 1
| #define HAVE_STRINGS_H 1
| #define HAVE_INTTYPES_H 1
| #define HAVE_STDINT_H 1
| #define HAVE_UNISTD_H 1
| #define HAVE_DLFCN_H 1
| /* end confdefs.h.  */
| #include <ac_nonexistent.h>
configure:8490: result: g++ -E
configure:8519: g++ -E  conftest.cpp
configure:8526: $? = 0
configure:8557: g++ -E  conftest.cpp
conftest.cpp:21:28: fatal error: ac_nonexistent.h: No such file or directory
compilation terminated.
configure:8564: $? = 1
configure: failed program was:
| /* confdefs.h.  */
| #define PACKAGE_NAME "gperftools"
| #define PACKAGE_TARNAME "gperftools"
| #define PACKAGE_VERSION "2.0"
| #define PACKAGE_STRING "gperftools 2.0"
| #define PACKAGE_BUGREPORT "google-perftools@googlegroups.com"
| #define PACKAGE "gperftools"
| #define VERSION "2.0"
| #define STDC_HEADERS 1
| #define HAVE_SYS_TYPES_H 1
| #define HAVE_SYS_STAT_H 1
| #define HAVE_STDLIB_H 1
| #define HAVE_STRING_H 1
| #define HAVE_MEMORY_H 1
| #define HAVE_STRINGS_H 1
| #define HAVE_INTTYPES_H 1
| #define HAVE_STDINT_H 1
| #define HAVE_UNISTD_H 1
| #define HAVE_DLFCN_H 1
| /* end confdefs.h.  */
| #include <ac_nonexistent.h>
configure:8749: checking for objdir
configure:8764: result: .libs
configure:9060: checking if gcc supports -fno-rtti -fno-exceptions
configure:9078: gcc -c -g -O2  -fno-rtti -fno-exceptions conftest.c >&5
cc1: warning: command line option '-fno-rtti' is valid for C++/ObjC++ but not for C [enabled by default]
configure:9082: $? = 0
configure:9095: result: no
configure:9115: checking for gcc option to produce PIC
configure:9387: result: -fPIC -DPIC
configure:9399: checking if gcc PIC flag -fPIC -DPIC works
configure:9417: gcc -c -g -O2  -fPIC -DPIC -DPIC conftest.c >&5
configure:9421: $? = 0
configure:9434: result: yes
configure:9458: checking if gcc static flag -static works
configure:9486: result: yes
configure:9501: checking if gcc supports -c -o file.o
configure:9522: gcc -c -g -O2  -o out/conftest2.o conftest.c >&5
configure:9526: $? = 0
configure:9548: result: yes
configure:9556: checking if gcc supports -c -o file.o
configure:9603: result: yes
configure:9636: checking whether the gcc linker (/usr/bin/ld -m elf_x86_64) supports shared libraries
configure:10715: result: yes
configure:10752: checking whether -lc should be explicitly linked in
configure:10757: gcc -c -g -O2  conftest.c >&5
configure:10760: $? = 0
configure:10775: gcc -shared conftest.o  -v -Wl,-soname -Wl,conftest -o conftest 2\>\&1 \| /bin/grep  -lc  \>/dev/null 2\>\&1
configure:10778: $? = 0
configure:10790: result: no
configure:10954: checking dynamic linker characteristics
configure:11397: gcc -o conftest -g -O2   -Wl,-rpath -Wl,/foo conftest.c  >&5
configure:11404: $? = 0
configure:11649: result: GNU/Linux ld.so
configure:11751: checking how to hardcode library paths into programs
configure:11776: result: immediate
configure:12609: checking whether stripping libraries is possible
configure:12614: result: yes
configure:12649: checking if libtool supports shared libraries
configure:12651: result: yes
configure:12654: checking whether to build shared libraries
configure:12675: result: yes
configure:12678: checking whether to build static libraries
configure:12682: result: yes
configure:12832: checking for ld used by g++
configure:12899: result: /usr/bin/ld -m elf_x86_64
configure:12908: checking if the linker (/usr/bin/ld -m elf_x86_64) is GNU ld
configure:12923: result: yes
configure:12978: checking whether the g++ linker (/usr/bin/ld -m elf_x86_64) supports shared libraries
configure:13953: result: yes
configure:13981: g++ -c -g -O2  conftest.cpp >&5
configure:13984: $? = 0
configure:14166: checking for g++ option to produce PIC
configure:14483: result: -fPIC -DPIC
configure:14492: checking if g++ PIC flag -fPIC -DPIC works
configure:14510: g++ -c -g -O2  -fPIC -DPIC -DPIC conftest.cpp >&5
configure:14514: $? = 0
configure:14527: result: yes
configure:14548: checking if g++ static flag -static works
configure:14576: result: yes
configure:14588: checking if g++ supports -c -o file.o
configure:14609: g++ -c -g -O2  -o out/conftest2.o conftest.cpp >&5
configure:14613: $? = 0
configure:14635: result: yes
configure:14640: checking if g++ supports -c -o file.o
configure:14687: result: yes
configure:14717: checking whether the g++ linker (/usr/bin/ld -m elf_x86_64) supports shared libraries
configure:14746: result: yes
configure:14883: checking dynamic linker characteristics
configure:15274: g++ -o conftest -g -O2   -Wl,-rpath -Wl,/foo conftest.cpp  >&5
configure:15281: $? = 0
configure:15526: result: GNU/Linux ld.so
configure:15577: checking how to hardcode library paths into programs
configure:15602: result: immediate
configure:15670: checking for inline
configure:15696: gcc -c -g -O2  conftest.c >&5
configure:15703: $? = 0
configure:15721: result: inline
configure:15741: checking for __attribute__
configure:15770: gcc -c -g -O2  conftest.c >&5
configure:15777: $? = 0
configure:15801: result: yes
configure:15806: checking for ANSI C header files
configure:15974: result: yes
configure:15986: checking for __int64
configure:16014: gcc -c -g -O2  conftest.c >&5
conftest.c: In function 'main':
conftest.c:60:13: error: '__int64' undeclared (first use in this function)
conftest.c:60:13: note: each undeclared identifier is reported only once for each function it appears in
configure:16021: $? = 1
configure: failed program was:
| /* confdefs.h.  */
| #define PACKAGE_NAME "gperftools"
| #define PACKAGE_TARNAME "gperftools"
| #define PACKAGE_VERSION "2.0"
| #define PACKAGE_STRING "gperftools 2.0"
| #define PACKAGE_BUGREPORT "google-perftools@googlegroups.com"
| #define PACKAGE "gperftools"
| #define VERSION "2.0"
| #define STDC_HEADERS 1
| #define HAVE_SYS_TYPES_H 1
| #define HAVE_SYS_STAT_H 1
| #define HAVE_STDLIB_H 1
| #define HAVE_STRING_H 1
| #define HAVE_MEMORY_H 1
| #define HAVE_STRINGS_H 1
| #define HAVE_INTTYPES_H 1
| #define HAVE_STDINT_H 1
| #define HAVE_UNISTD_H 1
| #define HAVE_DLFCN_H 1
| #define LT_OBJDIR ".libs/"
| #define HAVE___ATTRIBUTE__ 1
| #define STDC_HEADERS 1
| /* end confdefs.h.  */
| #include <stdio.h>
| #ifdef HAVE_SYS_TYPES_H
| # include <sys/types.h>
| #endif
| #ifdef HAVE_SYS_STAT_H
| # include <sys/stat.h>
| #endif
| #ifdef STDC_HEADERS
| # include <stdlib.h>
| # include <stddef.h>
| #else
| # ifdef HAVE_STDLIB_H
| #  include <stdlib.h>
| # endif
| #endif
| #ifdef HAVE_STRING_H
| # if !defined STDC_HEADERS && defined HAVE_MEMORY_H
| #  include <memory.h>
| # endif
| # include <string.h>
| #endif
| #ifdef HAVE_STRINGS_H
| # include <strings.h>
| #endif
| #ifdef HAVE_INTTYPES_H
| # include <inttypes.h>
| #endif
| #ifdef HAVE_STDINT_H
| # include <stdint.h>
| #endif
| #ifdef HAVE_UNISTD_H
| # include <unistd.h>
| #endif
| int
| main ()
| {
| if (sizeof (__int64))
|        return 0;
|   ;
|   return 0;
| }
configure:16078: result: no
configure:16089: checking for struct mallinfo
configure:16118: gcc -c -g -O2  conftest.c >&5
configure:16125: $? = 0
configure:16153: gcc -c -g -O2  conftest.c >&5
conftest.c: In function 'main':
conftest.c:29:30: error: expected expression before ')' token
configure:16160: $? = 1
configure: failed program was:
| /* confdefs.h.  */
| #define PACKAGE_NAME "gperftools"
| #define PACKAGE_TARNAME "gperftools"
| #define PACKAGE_VERSION "2.0"
| #define PACKAGE_STRING "gperftools 2.0"
| #define PACKAGE_BUGREPORT "google-perftools@googlegroups.com"
| #define PACKAGE "gperftools"
| #define VERSION "2.0"
| #define STDC_HEADERS 1
| #define HAVE_SYS_TYPES_H 1
| #define HAVE_SYS_STAT_H 1
| #define HAVE_STDLIB_H 1
| #define HAVE_STRING_H 1
| #define HAVE_MEMORY_H 1
| #define HAVE_STRINGS_H 1
| #define HAVE_INTTYPES_H 1
| #define HAVE_STDINT_H 1
| #define HAVE_UNISTD_H 1
| #define HAVE_DLFCN_H 1
| #define LT_OBJDIR ".libs/"
| #define HAVE___ATTRIBUTE__ 1
| #define STDC_HEADERS 1
| /* end confdefs.h.  */
| #include <malloc.h>
| 
| int
| main ()
| {
| if (sizeof ((struct mallinfo)))
| 	  return 0;
|   ;
|   return 0;
| }
configure:16183: result: yes
configure:16194: checking for Elf32_Versym
configure:16223: gcc -c -g -O2  conftest.c >&5
configure:16230: $? = 0
configure:16258: gcc -c -g -O2  conftest.c >&5
conftest.c: In function 'main':
conftest.c:30:27: error: expected expression before ')' token
configure:16265: $? = 1
configure: failed program was:
| /* confdefs.h.  */
| #define PACKAGE_NAME "gperftools"
| #define PACKAGE_TARNAME "gperftools"
| #define PACKAGE_VERSION "2.0"
| #define PACKAGE_STRING "gperftools 2.0"
| #define PACKAGE_BUGREPORT "google-perftools@googlegroups.com"
| #define PACKAGE "gperftools"
| #define VERSION "2.0"
| #define STDC_HEADERS 1
| #define HAVE_SYS_TYPES_H 1
| #define HAVE_SYS_STAT_H 1
| #define HAVE_STDLIB_H 1
| #define HAVE_STRING_H 1
| #define HAVE_MEMORY_H 1
| #define HAVE_STRINGS_H 1
| #define HAVE_INTTYPES_H 1
| #define HAVE_STDINT_H 1
| #define HAVE_UNISTD_H 1
| #define HAVE_DLFCN_H 1
| #define LT_OBJDIR ".libs/"
| #define HAVE___ATTRIBUTE__ 1
| #define STDC_HEADERS 1
| #define HAVE_STRUCT_MALLINFO 1
| /* end confdefs.h.  */
| #include <elf.h>
| 
| int
| main ()
| {
| if (sizeof ((Elf32_Versym)))
| 	  return 0;
|   ;
|   return 0;
| }
configure:16288: result: yes
configure:16303: checking for sbrk
configure:16359: gcc -o conftest -g -O2   conftest.c  >&5
configure:16366: $? = 0
configure:16388: result: yes
configure:16404: checking for geteuid
configure:16460: gcc -o conftest -g -O2   conftest.c  >&5
configure:16467: $? = 0
configure:16489: result: yes
configure:16517: checking features.h usability
configure:16534: gcc -c -g -O2  conftest.c >&5
configure:16541: $? = 0
configure:16555: result: yes
configure:16559: checking features.h presence
configure:16574: gcc -E  conftest.c
configure:16581: $? = 0
configure:16595: result: yes
configure:16628: checking for features.h
configure:16637: result: yes
configure:16668: checking malloc.h usability
configure:16685: gcc -c -g -O2  conftest.c >&5
configure:16692: $? = 0
configure:16706: result: yes
configure:16710: checking malloc.h presence
configure:16725: gcc -E  conftest.c
configure:16732: $? = 0
configure:16746: result: yes
configure:16779: checking for malloc.h
configure:16788: result: yes
configure:16819: checking sys/malloc.h usability
configure:16836: gcc -c -g -O2  conftest.c >&5
conftest.c:63:24: fatal error: sys/malloc.h: No such file or directory
compilation terminated.
configure:16843: $? = 1
configure: failed program was:
| /* confdefs.h.  */
| #define PACKAGE_NAME "gperftools"
| #define PACKAGE_TARNAME "gperftools"
| #define PACKAGE_VERSION "2.0"
| #define PACKAGE_STRING "gperftools 2.0"
| #define PACKAGE_BUGREPORT "google-perftools@googlegroups.com"
| #define PACKAGE "gperftools"
| #define VERSION "2.0"
| #define STDC_HEADERS 1
| #define HAVE_SYS_TYPES_H 1
| #define HAVE_SYS_STAT_H 1
| #define HAVE_STDLIB_H 1
| #define HAVE_STRING_H 1
| #define HAVE_MEMORY_H 1
| #define HAVE_STRINGS_H 1
| #define HAVE_INTTYPES_H 1
| #define HAVE_STDINT_H 1
| #define HAVE_UNISTD_H 1
| #define HAVE_DLFCN_H 1
| #define LT_OBJDIR ".libs/"
| #define HAVE___ATTRIBUTE__ 1
| #define STDC_HEADERS 1
| #define HAVE_STRUCT_MALLINFO 1
| #define HAVE_ELF32_VERSYM 1
| #define HAVE_SBRK 1
| #define HAVE_GETEUID 1
| #define HAVE_FEATURES_H 1
| #define HAVE_MALLOC_H 1
| /* end confdefs.h.  */
| #include <stdio.h>
| #ifdef HAVE_SYS_TYPES_H
| # include <sys/types.h>
| #endif
| #ifdef HAVE_SYS_STAT_H
| # include <sys/stat.h>
| #endif
| #ifdef STDC_HEADERS
| # include <stdlib.h>
| # include <stddef.h>
| #else
| # ifdef HAVE_STDLIB_H
| #  include <stdlib.h>
| # endif
| #endif
| #ifdef HAVE_STRING_H
| # if !defined STDC_HEADERS && defined HAVE_MEMORY_H
| #  include <memory.h>
| # endif
| # include <string.h>
| #endif
| #ifdef HAVE_STRINGS_H
| # include <strings.h>
| #endif
| #ifdef HAVE_INTTYPES_H
| # include <inttypes.h>
| #endif
| #ifdef HAVE_STDINT_H
| # include <stdint.h>
| #endif
| #ifdef HAVE_UNISTD_H
| # include <unistd.h>
| #endif
| #include <sys/malloc.h>
configure:16857: result: no
configure:16861: checking sys/malloc.h presence
configure:16876: gcc -E  conftest.c
conftest.c:30:24: fatal error: sys/malloc.h: No such file or directory
compilation terminated.
configure:16883: $? = 1
configure: failed program was:
| /* confdefs.h.  */
| #define PACKAGE_NAME "gperftools"
| #define PACKAGE_TARNAME "gperftools"
| #define PACKAGE_VERSION "2.0"
| #define PACKAGE_STRING "gperftools 2.0"
| #define PACKAGE_BUGREPORT "google-perftools@googlegroups.com"
| #define PACKAGE "gperftools"
| #define VERSION "2.0"
| #define STDC_HEADERS 1
| #define HAVE_SYS_TYPES_H 1
| #define HAVE_SYS_STAT_H 1
| #define HAVE_STDLIB_H 1
| #define HAVE_STRING_H 1
| #define HAVE_MEMORY_H 1
| #define HAVE_STRINGS_H 1
| #define HAVE_INTTYPES_H 1
| #define HAVE_STDINT_H 1
| #define HAVE_UNISTD_H 1
| #define HAVE_DLFCN_H 1
| #define LT_OBJDIR ".libs/"
| #define HAVE___ATTRIBUTE__ 1
| #define STDC_HEADERS 1
| #define HAVE_STRUCT_MALLINFO 1
| #define HAVE_ELF32_VERSYM 1
| #define HAVE_SBRK 1
| #define HAVE_GETEUID 1
| #define HAVE_FEATURES_H 1
| #define HAVE_MALLOC_H 1
| /* end confdefs.h.  */
| #include <sys/malloc.h>
configure:16897: result: no
configure:16930: checking for sys/malloc.h
configure:16939: result: no
configure:16970: checking malloc/malloc.h usability
configure:16987: gcc -c -g -O2  conftest.c >&5
conftest.c:63:27: fatal error: malloc/malloc.h: No such file or directory
compilation terminated.
configure:16994: $? = 1
configure: failed program was:
| /* confdefs.h.  */
| #define PACKAGE_NAME "gperftools"
| #define PACKAGE_TARNAME "gperftools"
| #define PACKAGE_VERSION "2.0"
| #define PACKAGE_STRING "gperftools 2.0"
| #define PACKAGE_BUGREPORT "google-perftools@googlegroups.com"
| #define PACKAGE "gperftools"
| #define VERSION "2.0"
| #define STDC_HEADERS 1
| #define HAVE_SYS_TYPES_H 1
| #define HAVE_SYS_STAT_H 1
| #define HAVE_STDLIB_H 1
| #define HAVE_STRING_H 1
| #define HAVE_MEMORY_H 1
| #define HAVE_STRINGS_H 1
| #define HAVE_INTTYPES_H 1
| #define HAVE_STDINT_H 1
| #define HAVE_UNISTD_H 1
| #define HAVE_DLFCN_H 1
| #define LT_OBJDIR ".libs/"
| #define HAVE___ATTRIBUTE__ 1
| #define STDC_HEADERS 1
| #define HAVE_STRUCT_MALLINFO 1
| #define HAVE_ELF32_VERSYM 1
| #define HAVE_SBRK 1
| #define HAVE_GETEUID 1
| #define HAVE_FEATURES_H 1
| #define HAVE_MALLOC_H 1
| /* end confdefs.h.  */
| #include <stdio.h>
| #ifdef HAVE_SYS_TYPES_H
| # include <sys/types.h>
| #endif
| #ifdef HAVE_SYS_STAT_H
| # include <sys/stat.h>
| #endif
| #ifdef STDC_HEADERS
| # include <stdlib.h>
| # include <stddef.h>
| #else
| # ifdef HAVE_STDLIB_H
| #  include <stdlib.h>
| # endif
| #endif
| #ifdef HAVE_STRING_H
| # if !defined STDC_HEADERS && defined HAVE_MEMORY_H
| #  include <memory.h>
| # endif
| # include <string.h>
| #endif
| #ifdef HAVE_STRINGS_H
| # include <strings.h>
| #endif
| #ifdef HAVE_INTTYPES_H
| # include <inttypes.h>
| #endif
| #ifdef HAVE_STDINT_H
| # include <stdint.h>
| #endif
| #ifdef HAVE_UNISTD_H
| # include <unistd.h>
| #endif
| #include <malloc/malloc.h>
configure:17008: result: no
configure:17012: checking malloc/malloc.h presence
configure:17027: gcc -E  conftest.c
conftest.c:30:27: fatal error: malloc/malloc.h: No such file or directory
compilation terminated.
configure:17034: $? = 1
configure: failed program was:
| /* confdefs.h.  */
| #define PACKAGE_NAME "gperftools"
| #define PACKAGE_TARNAME "gperftools"
| #define PACKAGE_VERSION "2.0"
| #define PACKAGE_STRING "gperftools 2.0"
| #define PACKAGE_BUGREPORT "google-perftools@googlegroups.com"
| #define PACKAGE "gperftools"
| #define VERSION "2.0"
| #define STDC_HEADERS 1
| #define HAVE_SYS_TYPES_H 1
| #define HAVE_SYS_STAT_H 1
| #define HAVE_STDLIB_H 1
| #define HAVE_STRING_H 1
| #define HAVE_MEMORY_H 1
| #define HAVE_STRINGS_H 1
| #define HAVE_INTTYPES_H 1
| #define HAVE_STDINT_H 1
| #define HAVE_UNISTD_H 1
| #define HAVE_DLFCN_H 1
| #define LT_OBJDIR ".libs/"
| #define HAVE___ATTRIBUTE__ 1
| #define STDC_HEADERS 1
| #define HAVE_STRUCT_MALLINFO 1
| #define HAVE_ELF32_VERSYM 1
| #define HAVE_SBRK 1
| #define HAVE_GETEUID 1
| #define HAVE_FEATURES_H 1
| #define HAVE_MALLOC_H 1
| /* end confdefs.h.  */
| #include <malloc/malloc.h>
configure:17048: result: no
configure:17081: checking for malloc/malloc.h
configure:17090: result: no
configure:17121: checking glob.h usability
configure:17138: gcc -c -g -O2  conftest.c >&5
configure:17145: $? = 0
configure:17159: result: yes
configure:17163: checking glob.h presence
configure:17178: gcc -E  conftest.c
configure:17185: $? = 0
configure:17199: result: yes
configure:17232: checking for glob.h
configure:17241: result: yes
configure:17272: checking execinfo.h usability
configure:17289: gcc -c -g -O2  conftest.c >&5
configure:17296: $? = 0
configure:17310: result: yes
configure:17314: checking execinfo.h presence
configure:17329: gcc -E  conftest.c
configure:17336: $? = 0
configure:17350: result: yes
configure:17383: checking for execinfo.h
configure:17392: result: yes
configure:17423: checking libunwind.h usability
configure:17440: gcc -c -g -O2  conftest.c >&5
conftest.c:65:23: fatal error: libunwind.h: No such file or directory
compilation terminated.
configure:17447: $? = 1
configure: failed program was:
| /* confdefs.h.  */
| #define PACKAGE_NAME "gperftools"
| #define PACKAGE_TARNAME "gperftools"
| #define PACKAGE_VERSION "2.0"
| #define PACKAGE_STRING "gperftools 2.0"
| #define PACKAGE_BUGREPORT "google-perftools@googlegroups.com"
| #define PACKAGE "gperftools"
| #define VERSION "2.0"
| #define STDC_HEADERS 1
| #define HAVE_SYS_TYPES_H 1
| #define HAVE_SYS_STAT_H 1
| #define HAVE_STDLIB_H 1
| #define HAVE_STRING_H 1
| #define HAVE_MEMORY_H 1
| #define HAVE_STRINGS_H 1
| #define HAVE_INTTYPES_H 1
| #define HAVE_STDINT_H 1
| #define HAVE_UNISTD_H 1
| #define HAVE_DLFCN_H 1
| #define LT_OBJDIR ".libs/"
| #define HAVE___ATTRIBUTE__ 1
| #define STDC_HEADERS 1
| #define HAVE_STRUCT_MALLINFO 1
| #define HAVE_ELF32_VERSYM 1
| #define HAVE_SBRK 1
| #define HAVE_GETEUID 1
| #define HAVE_FEATURES_H 1
| #define HAVE_MALLOC_H 1
| #define HAVE_GLOB_H 1
| #define HAVE_EXECINFO_H 1
| /* end confdefs.h.  */
| #include <stdio.h>
| #ifdef HAVE_SYS_TYPES_H
| # include <sys/types.h>
| #endif
| #ifdef HAVE_SYS_STAT_H
| # include <sys/stat.h>
| #endif
| #ifdef STDC_HEADERS
| # include <stdlib.h>
| # include <stddef.h>
| #else
| # ifdef HAVE_STDLIB_H
| #  include <stdlib.h>
| # endif
| #endif
| #ifdef HAVE_STRING_H
| # if !defined STDC_HEADERS && defined HAVE_MEMORY_H
| #  include <memory.h>
| # endif
| # include <string.h>
| #endif
| #ifdef HAVE_STRINGS_H
| # include <strings.h>
| #endif
| #ifdef HAVE_INTTYPES_H
| # include <inttypes.h>
| #endif
| #ifdef HAVE_STDINT_H
| # include <stdint.h>
| #endif
| #ifdef HAVE_UNISTD_H
| # include <unistd.h>
| #endif
| #include <libunwind.h>
configure:17461: result: no
configure:17465: checking libunwind.h presence
configure:17480: gcc -E  conftest.c
conftest.c:32:23: fatal error: libunwind.h: No such file or directory
compilation terminated.
configure:17487: $? = 1
configure: failed program was:
| /* confdefs.h.  */
| #define PACKAGE_NAME "gperftools"
| #define PACKAGE_TARNAME "gperftools"
| #define PACKAGE_VERSION "2.0"
| #define PACKAGE_STRING "gperftools 2.0"
| #define PACKAGE_BUGREPORT "google-perftools@googlegroups.com"
| #define PACKAGE "gperftools"
| #define VERSION "2.0"
| #define STDC_HEADERS 1
| #define HAVE_SYS_TYPES_H 1
| #define HAVE_SYS_STAT_H 1
| #define HAVE_STDLIB_H 1
| #define HAVE_STRING_H 1
| #define HAVE_MEMORY_H 1
| #define HAVE_STRINGS_H 1
| #define HAVE_INTTYPES_H 1
| #define HAVE_STDINT_H 1
| #define HAVE_UNISTD_H 1
| #define HAVE_DLFCN_H 1
| #define LT_OBJDIR ".libs/"
| #define HAVE___ATTRIBUTE__ 1
| #define STDC_HEADERS 1
| #define HAVE_STRUCT_MALLINFO 1
| #define HAVE_ELF32_VERSYM 1
| #define HAVE_SBRK 1
| #define HAVE_GETEUID 1
| #define HAVE_FEATURES_H 1
| #define HAVE_MALLOC_H 1
| #define HAVE_GLOB_H 1
| #define HAVE_EXECINFO_H 1
| /* end confdefs.h.  */
| #include <libunwind.h>
configure:17501: result: no
configure:17534: checking for libunwind.h
configure:17543: result: no
configure:17574: checking unwind.h usability
configure:17591: gcc -c -g -O2  conftest.c >&5
configure:17598: $? = 0
configure:17612: result: yes
configure:17616: checking unwind.h presence
configure:17631: gcc -E  conftest.c
configure:17638: $? = 0
configure:17652: result: yes
configure:17685: checking for unwind.h
configure:17694: result: yes
configure:17725: checking sched.h usability
configure:17742: gcc -c -g -O2  conftest.c >&5
configure:17749: $? = 0
configure:17763: result: yes
configure:17767: checking sched.h presence
configure:17782: gcc -E  conftest.c
configure:17789: $? = 0
configure:17803: result: yes
configure:17836: checking for sched.h
configure:17845: result: yes
configure:17876: checking conflict-signal.h usability
configure:17893: gcc -c -g -O2  conftest.c >&5
conftest.c:67:29: fatal error: conflict-signal.h: No such file or directory
compilation terminated.
configure:17900: $? = 1
configure: failed program was:
| /* confdefs.h.  */
| #define PACKAGE_NAME "gperftools"
| #define PACKAGE_TARNAME "gperftools"
| #define PACKAGE_VERSION "2.0"
| #define PACKAGE_STRING "gperftools 2.0"
| #define PACKAGE_BUGREPORT "google-perftools@googlegroups.com"
| #define PACKAGE "gperftools"
| #define VERSION "2.0"
| #define STDC_HEADERS 1
| #define HAVE_SYS_TYPES_H 1
| #define HAVE_SYS_STAT_H 1
| #define HAVE_STDLIB_H 1
| #define HAVE_STRING_H 1
| #define HAVE_MEMORY_H 1
| #define HAVE_STRINGS_H 1
| #define HAVE_INTTYPES_H 1
| #define HAVE_STDINT_H 1
| #define HAVE_UNISTD_H 1
| #define HAVE_DLFCN_H 1
| #define LT_OBJDIR ".libs/"
| #define HAVE___ATTRIBUTE__ 1
| #define STDC_HEADERS 1
| #define HAVE_STRUCT_MALLINFO 1
| #define HAVE_ELF32_VERSYM 1
| #define HAVE_SBRK 1
| #define HAVE_GETEUID 1
| #define HAVE_FEATURES_H 1
| #define HAVE_MALLOC_H 1
| #define HAVE_GLOB_H 1
| #define HAVE_EXECINFO_H 1
| #define HAVE_UNWIND_H 1
| #define HAVE_SCHED_H 1
| /* end confdefs.h.  */
| #include <stdio.h>
| #ifdef HAVE_SYS_TYPES_H
| # include <sys/types.h>
| #endif
| #ifdef HAVE_SYS_STAT_H
| # include <sys/stat.h>
| #endif
| #ifdef STDC_HEADERS
| # include <stdlib.h>
| # include <stddef.h>
| #else
| # ifdef HAVE_STDLIB_H
| #  include <stdlib.h>
| # endif
| #endif
| #ifdef HAVE_STRING_H
| # if !defined STDC_HEADERS && defined HAVE_MEMORY_H
| #  include <memory.h>
| # endif
| # include <string.h>
| #endif
| #ifdef HAVE_STRINGS_H
| # include <strings.h>
| #endif
| #ifdef HAVE_INTTYPES_H
| # include <inttypes.h>
| #endif
| #ifdef HAVE_STDINT_H
| # include <stdint.h>
| #endif
| #ifdef HAVE_UNISTD_H
| # include <unistd.h>
| #endif
| #include <conflict-signal.h>
configure:17914: result: no
configure:17918: checking conflict-signal.h presence
configure:17933: gcc -E  conftest.c
conftest.c:34:29: fatal error: conflict-signal.h: No such file or directory
compilation terminated.
configure:17940: $? = 1
configure: failed program was:
| /* confdefs.h.  */
| #define PACKAGE_NAME "gperftools"
| #define PACKAGE_TARNAME "gperftools"
| #define PACKAGE_VERSION "2.0"
| #define PACKAGE_STRING "gperftools 2.0"
| #define PACKAGE_BUGREPORT "google-perftools@googlegroups.com"
| #define PACKAGE "gperftools"
| #define VERSION "2.0"
| #define STDC_HEADERS 1
| #define HAVE_SYS_TYPES_H 1
| #define HAVE_SYS_STAT_H 1
| #define HAVE_STDLIB_H 1
| #define HAVE_STRING_H 1
| #define HAVE_MEMORY_H 1
| #define HAVE_STRINGS_H 1
| #define HAVE_INTTYPES_H 1
| #define HAVE_STDINT_H 1
| #define HAVE_UNISTD_H 1
| #define HAVE_DLFCN_H 1
| #define LT_OBJDIR ".libs/"
| #define HAVE___ATTRIBUTE__ 1
| #define STDC_HEADERS 1
| #define HAVE_STRUCT_MALLINFO 1
| #define HAVE_ELF32_VERSYM 1
| #define HAVE_SBRK 1
| #define HAVE_GETEUID 1
| #define HAVE_FEATURES_H 1
| #define HAVE_MALLOC_H 1
| #define HAVE_GLOB_H 1
| #define HAVE_EXECINFO_H 1
| #define HAVE_UNWIND_H 1
| #define HAVE_SCHED_H 1
| /* end confdefs.h.  */
| #include <conflict-signal.h>
configure:17954: result: no
configure:17987: checking for conflict-signal.h
configure:17996: result: no
configure:18027: checking sys/prctl.h usability
configure:18044: gcc -c -g -O2  conftest.c >&5
configure:18051: $? = 0
configure:18065: result: yes
configure:18069: checking sys/prctl.h presence
configure:18084: gcc -E  conftest.c
configure:18091: $? = 0
configure:18105: result: yes
configure:18138: checking for sys/prctl.h
configure:18147: result: yes
configure:18178: checking linux/ptrace.h usability
configure:18195: gcc -c -g -O2  conftest.c >&5
configure:18202: $? = 0
configure:18216: result: yes
configure:18220: checking linux/ptrace.h presence
configure:18235: gcc -E  conftest.c
configure:18242: $? = 0
configure:18256: result: yes
configure:18289: checking for linux/ptrace.h
configure:18298: result: yes
configure:18329: checking sys/syscall.h usability
configure:18346: gcc -c -g -O2  conftest.c >&5
configure:18353: $? = 0
configure:18367: result: yes
configure:18371: checking sys/syscall.h presence
configure:18386: gcc -E  conftest.c
configure:18393: $? = 0
configure:18407: result: yes
configure:18440: checking for sys/syscall.h
configure:18449: result: yes
configure:18480: checking sys/socket.h usability
configure:18497: gcc -c -g -O2  conftest.c >&5
configure:18504: $? = 0
configure:18518: result: yes
configure:18522: checking sys/socket.h presence
configure:18537: gcc -E  conftest.c
configure:18544: $? = 0
configure:18558: result: yes
configure:18591: checking for sys/socket.h
configure:18600: result: yes
configure:18631: checking sys/wait.h usability
configure:18648: gcc -c -g -O2  conftest.c >&5
configure:18655: $? = 0
configure:18669: result: yes
configure:18673: checking sys/wait.h presence
configure:18688: gcc -E  conftest.c
configure:18695: $? = 0
configure:18709: result: yes
configure:18742: checking for sys/wait.h
configure:18751: result: yes
configure:18782: checking poll.h usability
configure:18799: gcc -c -g -O2  conftest.c >&5
configure:18806: $? = 0
configure:18820: result: yes
configure:18824: checking poll.h presence
configure:18839: gcc -E  conftest.c
configure:18846: $? = 0
configure:18860: result: yes
configure:18893: checking for poll.h
configure:18902: result: yes
configure:18933: checking fcntl.h usability
configure:18950: gcc -c -g -O2  conftest.c >&5
configure:18957: $? = 0
configure:18971: result: yes
configure:18975: checking fcntl.h presence
configure:18990: gcc -E  conftest.c
configure:18997: $? = 0
configure:19011: result: yes
configure:19044: checking for fcntl.h
configure:19053: result: yes
configure:19084: checking grp.h usability
configure:19101: gcc -c -g -O2  conftest.c >&5
configure:19108: $? = 0
configure:19122: result: yes
configure:19126: checking grp.h presence
configure:19141: gcc -E  conftest.c
configure:19148: $? = 0
configure:19162: result: yes
configure:19195: checking for grp.h
configure:19204: result: yes
configure:19235: checking pwd.h usability
configure:19252: gcc -c -g -O2  conftest.c >&5
configure:19259: $? = 0
configure:19273: result: yes
configure:19277: checking pwd.h presence
configure:19292: gcc -E  conftest.c
configure:19299: $? = 0
configure:19313: result: yes
configure:19346: checking for pwd.h
configure:19355: result: yes
configure:19386: checking sys/resource.h usability
configure:19403: gcc -c -g -O2  conftest.c >&5
configure:19410: $? = 0
configure:19424: result: yes
configure:19428: checking sys/resource.h presence
configure:19443: gcc -E  conftest.c
configure:19450: $? = 0
configure:19464: result: yes
configure:19497: checking for sys/resource.h
configure:19506: result: yes
configure:19537: checking valgrind.h usability
configure:19554: gcc -c -g -O2  conftest.c >&5
conftest.c:77:22: fatal error: valgrind.h: No such file or directory
compilation terminated.
configure:19561: $? = 1
configure: failed program was:
| /* confdefs.h.  */
| #define PACKAGE_NAME "gperftools"
| #define PACKAGE_TARNAME "gperftools"
| #define PACKAGE_VERSION "2.0"
| #define PACKAGE_STRING "gperftools 2.0"
| #define PACKAGE_BUGREPORT "google-perftools@googlegroups.com"
| #define PACKAGE "gperftools"
| #define VERSION "2.0"
| #define STDC_HEADERS 1
| #define HAVE_SYS_TYPES_H 1
| #define HAVE_SYS_STAT_H 1
| #define HAVE_STDLIB_H 1
| #define HAVE_STRING_H 1
| #define HAVE_MEMORY_H 1
| #define HAVE_STRINGS_H 1
| #define HAVE_INTTYPES_H 1
| #define HAVE_STDINT_H 1
| #define HAVE_UNISTD_H 1
| #define HAVE_DLFCN_H 1
| #define LT_OBJDIR ".libs/"
| #define HAVE___ATTRIBUTE__ 1
| #define STDC_HEADERS 1
| #define HAVE_STRUCT_MALLINFO 1
| #define HAVE_ELF32_VERSYM 1
| #define HAVE_SBRK 1
| #define HAVE_GETEUID 1
| #define HAVE_FEATURES_H 1
| #define HAVE_MALLOC_H 1
| #define HAVE_GLOB_H 1
| #define HAVE_EXECINFO_H 1
| #define HAVE_UNWIND_H 1
| #define HAVE_SCHED_H 1
| #define HAVE_SYS_PRCTL_H 1
| #define HAVE_LINUX_PTRACE_H 1
| #define HAVE_SYS_SYSCALL_H 1
| #define HAVE_SYS_SOCKET_H 1
| #define HAVE_SYS_WAIT_H 1
| #define HAVE_POLL_H 1
| #define HAVE_FCNTL_H 1
| #define HAVE_GRP_H 1
| #define HAVE_PWD_H 1
| #define HAVE_SYS_RESOURCE_H 1
| /* end confdefs.h.  */
| #include <stdio.h>
| #ifdef HAVE_SYS_TYPES_H
| # include <sys/types.h>
| #endif
| #ifdef HAVE_SYS_STAT_H
| # include <sys/stat.h>
| #endif
| #ifdef STDC_HEADERS
| # include <stdlib.h>
| # include <stddef.h>
| #else
| # ifdef HAVE_STDLIB_H
| #  include <stdlib.h>
| # endif
| #endif
| #ifdef HAVE_STRING_H
| # if !defined STDC_HEADERS && defined HAVE_MEMORY_H
| #  include <memory.h>
| # endif
| # include <string.h>
| #endif
| #ifdef HAVE_STRINGS_H
| # include <strings.h>
| #endif
| #ifdef HAVE_INTTYPES_H
| # include <inttypes.h>
| #endif
| #ifdef HAVE_STDINT_H
| # include <stdint.h>
| #endif
| #ifdef HAVE_UNISTD_H
| # include <unistd.h>
| #endif
| #include <valgrind.h>
configure:19575: result: no
configure:19579: checking valgrind.h presence
configure:19594: gcc -E  conftest.c
conftest.c:44:22: fatal error: valgrind.h: No such file or directory
compilation terminated.
configure:19601: $? = 1
configure: failed program was:
| /* confdefs.h.  */
| #define PACKAGE_NAME "gperftools"
| #define PACKAGE_TARNAME "gperftools"
| #define PACKAGE_VERSION "2.0"
| #define PACKAGE_STRING "gperftools 2.0"
| #define PACKAGE_BUGREPORT "google-perftools@googlegroups.com"
| #define PACKAGE "gperftools"
| #define VERSION "2.0"
| #define STDC_HEADERS 1
| #define HAVE_SYS_TYPES_H 1
| #define HAVE_SYS_STAT_H 1
| #define HAVE_STDLIB_H 1
| #define HAVE_STRING_H 1
| #define HAVE_MEMORY_H 1
| #define HAVE_STRINGS_H 1
| #define HAVE_INTTYPES_H 1
| #define HAVE_STDINT_H 1
| #define HAVE_UNISTD_H 1
| #define HAVE_DLFCN_H 1
| #define LT_OBJDIR ".libs/"
| #define HAVE___ATTRIBUTE__ 1
| #define STDC_HEADERS 1
| #define HAVE_STRUCT_MALLINFO 1
| #define HAVE_ELF32_VERSYM 1
| #define HAVE_SBRK 1
| #define HAVE_GETEUID 1
| #define HAVE_FEATURES_H 1
| #define HAVE_MALLOC_H 1
| #define HAVE_GLOB_H 1
| #define HAVE_EXECINFO_H 1
| #define HAVE_UNWIND_H 1
| #define HAVE_SCHED_H 1
| #define HAVE_SYS_PRCTL_H 1
| #define HAVE_LINUX_PTRACE_H 1
| #define HAVE_SYS_SYSCALL_H 1
| #define HAVE_SYS_SOCKET_H 1
| #define HAVE_SYS_WAIT_H 1
| #define HAVE_POLL_H 1
| #define HAVE_FCNTL_H 1
| #define HAVE_GRP_H 1
| #define HAVE_PWD_H 1
| #define HAVE_SYS_RESOURCE_H 1
| /* end confdefs.h.  */
| #include <valgrind.h>
configure:19615: result: no
configure:19648: checking for valgrind.h
configure:19657: result: no
configure:19688: checking sys/cdefs.h usability
configure:19705: gcc -c -g -O2  conftest.c >&5
configure:19712: $? = 0
configure:19726: result: yes
configure:19730: checking sys/cdefs.h presence
configure:19745: gcc -E  conftest.c
configure:19752: $? = 0
configure:19766: result: yes
configure:19799: checking for sys/cdefs.h
configure:19808: result: yes
configure:19828: checking for features.h
configure:19835: result: yes
configure:19979: checking whether cfree is declared
configure:20011: gcc -c -g -O2  conftest.c >&5
configure:20018: $? = 0
configure:20033: result: yes
configure:20049: checking whether posix_memalign is declared
configure:20081: gcc -c -g -O2  conftest.c >&5
configure:20088: $? = 0
configure:20103: result: yes
configure:20119: checking whether memalign is declared
configure:20151: gcc -c -g -O2  conftest.c >&5
configure:20158: $? = 0
configure:20173: result: yes
configure:20189: checking whether valloc is declared
configure:20221: gcc -c -g -O2  conftest.c >&5
configure:20228: $? = 0
configure:20243: result: yes
configure:20259: checking whether pvalloc is declared
configure:20291: gcc -c -g -O2  conftest.c >&5
configure:20298: $? = 0
configure:20313: result: yes
configure:20360: checking for stdlib.h
configure:20367: result: yes
configure:20360: checking for unistd.h
configure:20367: result: yes
configure:20510: checking for getpagesize
configure:20566: gcc -o conftest -g -O2   conftest.c  >&5
configure:20573: $? = 0
configure:20595: result: yes
configure:20607: checking for working mmap
configure:20754: gcc -o conftest -g -O2   conftest.c  >&5
configure:20758: $? = 0
configure:20764: ./conftest
configure:20768: $? = 0
configure:20785: result: yes
configure:20801: checking if int32_t is the same type as intptr_t
configure:20824: gcc -c -g -O2  conftest.c >&5
conftest.c: In function 'main':
conftest.c:59:46: error: invalid operands to binary - (have 'int32_t *' and 'intptr_t *')
configure:20831: $? = 1
configure: failed program was:
| /* confdefs.h.  */
| #define PACKAGE_NAME "gperftools"
| #define PACKAGE_TARNAME "gperftools"
| #define PACKAGE_VERSION "2.0"
| #define PACKAGE_STRING "gperftools 2.0"
| #define PACKAGE_BUGREPORT "google-perftools@googlegroups.com"
| #define PACKAGE "gperftools"
| #define VERSION "2.0"
| #define STDC_HEADERS 1
| #define HAVE_SYS_TYPES_H 1
| #define HAVE_SYS_STAT_H 1
| #define HAVE_STDLIB_H 1
| #define HAVE_STRING_H 1
| #define HAVE_MEMORY_H 1
| #define HAVE_STRINGS_H 1
| #define HAVE_INTTYPES_H 1
| #define HAVE_STDINT_H 1
| #define HAVE_UNISTD_H 1
| #define HAVE_DLFCN_H 1
| #define LT_OBJDIR ".libs/"
| #define HAVE___ATTRIBUTE__ 1
| #define STDC_HEADERS 1
| #define HAVE_STRUCT_MALLINFO 1
| #define HAVE_ELF32_VERSYM 1
| #define HAVE_SBRK 1
| #define HAVE_GETEUID 1
| #define HAVE_FEATURES_H 1
| #define HAVE_MALLOC_H 1
| #define HAVE_GLOB_H 1
| #define HAVE_EXECINFO_H 1
| #define HAVE_UNWIND_H 1
| #define HAVE_SCHED_H 1
| #define HAVE_SYS_PRCTL_H 1
| #define HAVE_LINUX_PTRACE_H 1
| #define HAVE_SYS_SYSCALL_H 1
| #define HAVE_SYS_SOCKET_H 1
| #define HAVE_SYS_WAIT_H 1
| #define HAVE_POLL_H 1
| #define HAVE_FCNTL_H 1
| #define HAVE_GRP_H 1
| #define HAVE_PWD_H 1
| #define HAVE_SYS_RESOURCE_H 1
| #define HAVE_SYS_CDEFS_H 1
| #define HAVE_FEATURES_H 1
| #define HAVE_DECL_CFREE 1
| #define HAVE_DECL_POSIX_MEMALIGN 1
| #define HAVE_DECL_MEMALIGN 1
| #define HAVE_DECL_VALLOC 1
| #define HAVE_DECL_PVALLOC 1
| #define HAVE_STDLIB_H 1
| #define HAVE_UNISTD_H 1
| #define HAVE_GETPAGESIZE 1
| #define HAVE_MMAP 1
| /* end confdefs.h.  */
| #include <stdint.h>
| int
| main ()
| {
| int32_t v1 = 0; intptr_t v2 = 0; return (&v1 - &v2)
|   ;
|   return 0;
| }
configure:20847: result: no
configure:21629: checking for backtrace in -lunwind
configure:21664: gcc -o conftest -g -O2   conftest.c -lunwind   >&5
/usr/bin/ld: cannot find -lunwind
collect2: error: ld returned 1 exit status
configure:21671: $? = 1
configure: failed program was:
| /* confdefs.h.  */
| #define PACKAGE_NAME "gperftools"
| #define PACKAGE_TARNAME "gperftools"
| #define PACKAGE_VERSION "2.0"
| #define PACKAGE_STRING "gperftools 2.0"
| #define PACKAGE_BUGREPORT "google-perftools@googlegroups.com"
| #define PACKAGE "gperftools"
| #define VERSION "2.0"
| #define STDC_HEADERS 1
| #define HAVE_SYS_TYPES_H 1
| #define HAVE_SYS_STAT_H 1
| #define HAVE_STDLIB_H 1
| #define HAVE_STRING_H 1
| #define HAVE_MEMORY_H 1
| #define HAVE_STRINGS_H 1
| #define HAVE_INTTYPES_H 1
| #define HAVE_STDINT_H 1
| #define HAVE_UNISTD_H 1
| #define HAVE_DLFCN_H 1
| #define LT_OBJDIR ".libs/"
| #define HAVE___ATTRIBUTE__ 1
| #define STDC_HEADERS 1
| #define HAVE_STRUCT_MALLINFO 1
| #define HAVE_ELF32_VERSYM 1
| #define HAVE_SBRK 1
| #define HAVE_GETEUID 1
| #define HAVE_FEATURES_H 1
| #define HAVE_MALLOC_H 1
| #define HAVE_GLOB_H 1
| #define HAVE_EXECINFO_H 1
| #define HAVE_UNWIND_H 1
| #define HAVE_SCHED_H 1
| #define HAVE_SYS_PRCTL_H 1
| #define HAVE_LINUX_PTRACE_H 1
| #define HAVE_SYS_SYSCALL_H 1
| #define HAVE_SYS_SOCKET_H 1
| #define HAVE_SYS_WAIT_H 1
| #define HAVE_POLL_H 1
| #define HAVE_FCNTL_H 1
| #define HAVE_GRP_H 1
| #define HAVE_PWD_H 1
| #define HAVE_SYS_RESOURCE_H 1
| #define HAVE_SYS_CDEFS_H 1
| #define HAVE_FEATURES_H 1
| #define HAVE_DECL_CFREE 1
| #define HAVE_DECL_POSIX_MEMALIGN 1
| #define HAVE_DECL_MEMALIGN 1
| #define HAVE_DECL_VALLOC 1
| #define HAVE_DECL_PVALLOC 1
| #define HAVE_STDLIB_H 1
| #define HAVE_UNISTD_H 1
| #define HAVE_GETPAGESIZE 1
| #define HAVE_MMAP 1
| /* end confdefs.h.  */
| 
| /* Override any GCC internal prototype to avoid an error.
|    Use char because int might match the return type of a GCC
|    builtin and then its argument prototype would still apply.  */
| #ifdef __cplusplus
| extern "C"
| #endif
| char backtrace ();
| int
| main ()
| {
| return backtrace ();
|   ;
|   return 0;
| }
configure:21692: result: no
configure:21744: gcc -c -g -O2  conftest.c >&5
configure:21751: $? = 0
configure:21790: gcc -c -g -O2 -S -O2 -o fp.s  conftest.c >&5
configure:21797: $? = 0
configure: failed program was:
| /* confdefs.h.  */
| #define PACKAGE_NAME "gperftools"
| #define PACKAGE_TARNAME "gperftools"
| #define PACKAGE_VERSION "2.0"
| #define PACKAGE_STRING "gperftools 2.0"
| #define PACKAGE_BUGREPORT "google-perftools@googlegroups.com"
| #define PACKAGE "gperftools"
| #define VERSION "2.0"
| #define STDC_HEADERS 1
| #define HAVE_SYS_TYPES_H 1
| #define HAVE_SYS_STAT_H 1
| #define HAVE_STDLIB_H 1
| #define HAVE_STRING_H 1
| #define HAVE_MEMORY_H 1
| #define HAVE_STRINGS_H 1
| #define HAVE_INTTYPES_H 1
| #define HAVE_STDINT_H 1
| #define HAVE_UNISTD_H 1
| #define HAVE_DLFCN_H 1
| #define LT_OBJDIR ".libs/"
| #define HAVE___ATTRIBUTE__ 1
| #define STDC_HEADERS 1
| #define HAVE_STRUCT_MALLINFO 1
| #define HAVE_ELF32_VERSYM 1
| #define HAVE_SBRK 1
| #define HAVE_GETEUID 1
| #define HAVE_FEATURES_H 1
| #define HAVE_MALLOC_H 1
| #define HAVE_GLOB_H 1
| #define HAVE_EXECINFO_H 1
| #define HAVE_UNWIND_H 1
| #define HAVE_SCHED_H 1
| #define HAVE_SYS_PRCTL_H 1
| #define HAVE_LINUX_PTRACE_H 1
| #define HAVE_SYS_SYSCALL_H 1
| #define HAVE_SYS_SOCKET_H 1
| #define HAVE_SYS_WAIT_H 1
| #define HAVE_POLL_H 1
| #define HAVE_FCNTL_H 1
| #define HAVE_GRP_H 1
| #define HAVE_PWD_H 1
| #define HAVE_SYS_RESOURCE_H 1
| #define HAVE_SYS_CDEFS_H 1
| #define HAVE_FEATURES_H 1
| #define HAVE_DECL_CFREE 1
| #define HAVE_DECL_POSIX_MEMALIGN 1
| #define HAVE_DECL_MEMALIGN 1
| #define HAVE_DECL_VALLOC 1
| #define HAVE_DECL_PVALLOC 1
| #define HAVE_STDLIB_H 1
| #define HAVE_UNISTD_H 1
| #define HAVE_GETPAGESIZE 1
| #define HAVE_MMAP 1
| /* end confdefs.h.  */
| int f(int x) {return x;}
| int
| main ()
| {
| return f(0);
|   ;
|   return 0;
| }
configure:21845: gcc -c -g -O2  conftest.c >&5
conftest.c: In function 'main':
conftest.c:59:8: error: '__i386__' undeclared (first use in this function)
conftest.c:59:8: note: each undeclared identifier is reported only once for each function it appears in
configure:21852: $? = 1
configure: failed program was:
| /* confdefs.h.  */
| #define PACKAGE_NAME "gperftools"
| #define PACKAGE_TARNAME "gperftools"
| #define PACKAGE_VERSION "2.0"
| #define PACKAGE_STRING "gperftools 2.0"
| #define PACKAGE_BUGREPORT "google-perftools@googlegroups.com"
| #define PACKAGE "gperftools"
| #define VERSION "2.0"
| #define STDC_HEADERS 1
| #define HAVE_SYS_TYPES_H 1
| #define HAVE_SYS_STAT_H 1
| #define HAVE_STDLIB_H 1
| #define HAVE_STRING_H 1
| #define HAVE_MEMORY_H 1
| #define HAVE_STRINGS_H 1
| #define HAVE_INTTYPES_H 1
| #define HAVE_STDINT_H 1
| #define HAVE_UNISTD_H 1
| #define HAVE_DLFCN_H 1
| #define LT_OBJDIR ".libs/"
| #define HAVE___ATTRIBUTE__ 1
| #define STDC_HEADERS 1
| #define HAVE_STRUCT_MALLINFO 1
| #define HAVE_ELF32_VERSYM 1
| #define HAVE_SBRK 1
| #define HAVE_GETEUID 1
| #define HAVE_FEATURES_H 1
| #define HAVE_MALLOC_H 1
| #define HAVE_GLOB_H 1
| #define HAVE_EXECINFO_H 1
| #define HAVE_UNWIND_H 1
| #define HAVE_SCHED_H 1
| #define HAVE_SYS_PRCTL_H 1
| #define HAVE_LINUX_PTRACE_H 1
| #define HAVE_SYS_SYSCALL_H 1
| #define HAVE_SYS_SOCKET_H 1
| #define HAVE_SYS_WAIT_H 1
| #define HAVE_POLL_H 1
| #define HAVE_FCNTL_H 1
| #define HAVE_GRP_H 1
| #define HAVE_PWD_H 1
| #define HAVE_SYS_RESOURCE_H 1
| #define HAVE_SYS_CDEFS_H 1
| #define HAVE_FEATURES_H 1
| #define HAVE_DECL_CFREE 1
| #define HAVE_DECL_POSIX_MEMALIGN 1
| #define HAVE_DECL_MEMALIGN 1
| #define HAVE_DECL_VALLOC 1
| #define HAVE_DECL_PVALLOC 1
| #define HAVE_STDLIB_H 1
| #define HAVE_UNISTD_H 1
| #define HAVE_GETPAGESIZE 1
| #define HAVE_MMAP 1
| /* end confdefs.h.  */
| 
| int
| main ()
| {
| return __i386__ == 1 ? 0 : 1
|   ;
|   return 0;
| }
configure:21879: checking if the compiler supports -Wno-unused-result
configure:21911: gcc -c -g -O2 -Wno-error -Wno-unused-result  conftest.c >&5
conftest.c: In function 'main':
conftest.c:59:9: warning: division by zero [-Wdiv-by-zero]
configure:21918: $? = 0
configure:21934: result: yes
configure:21946: checking printf format code for printing a size_t and ssize_t
configure:21972: gcc -c -g -O2  conftest.c >&5
conftest.c: In function 'main':
conftest.c:59:49: error: invalid operands to binary - (have 'unsigned int *' and 'size_t *')
configure:21979: $? = 1
configure: failed program was:
| /* confdefs.h.  */
| #define PACKAGE_NAME "gperftools"
| #define PACKAGE_TARNAME "gperftools"
| #define PACKAGE_VERSION "2.0"
| #define PACKAGE_STRING "gperftools 2.0"
| #define PACKAGE_BUGREPORT "google-perftools@googlegroups.com"
| #define PACKAGE "gperftools"
| #define VERSION "2.0"
| #define STDC_HEADERS 1
| #define HAVE_SYS_TYPES_H 1
| #define HAVE_SYS_STAT_H 1
| #define HAVE_STDLIB_H 1
| #define HAVE_STRING_H 1
| #define HAVE_MEMORY_H 1
| #define HAVE_STRINGS_H 1
| #define HAVE_INTTYPES_H 1
| #define HAVE_STDINT_H 1
| #define HAVE_UNISTD_H 1
| #define HAVE_DLFCN_H 1
| #define LT_OBJDIR ".libs/"
| #define HAVE___ATTRIBUTE__ 1
| #define STDC_HEADERS 1
| #define HAVE_STRUCT_MALLINFO 1
| #define HAVE_ELF32_VERSYM 1
| #define HAVE_SBRK 1
| #define HAVE_GETEUID 1
| #define HAVE_FEATURES_H 1
| #define HAVE_MALLOC_H 1
| #define HAVE_GLOB_H 1
| #define HAVE_EXECINFO_H 1
| #define HAVE_UNWIND_H 1
| #define HAVE_SCHED_H 1
| #define HAVE_SYS_PRCTL_H 1
| #define HAVE_LINUX_PTRACE_H 1
| #define HAVE_SYS_SYSCALL_H 1
| #define HAVE_SYS_SOCKET_H 1
| #define HAVE_SYS_WAIT_H 1
| #define HAVE_POLL_H 1
| #define HAVE_FCNTL_H 1
| #define HAVE_GRP_H 1
| #define HAVE_PWD_H 1
| #define HAVE_SYS_RESOURCE_H 1
| #define HAVE_SYS_CDEFS_H 1
| #define HAVE_FEATURES_H 1
| #define HAVE_DECL_CFREE 1
| #define HAVE_DECL_POSIX_MEMALIGN 1
| #define HAVE_DECL_MEMALIGN 1
| #define HAVE_DECL_VALLOC 1
| #define HAVE_DECL_PVALLOC 1
| #define HAVE_STDLIB_H 1
| #define HAVE_UNISTD_H 1
| #define HAVE_GETPAGESIZE 1
| #define HAVE_MMAP 1
| /* end confdefs.h.  */
| #include <stddef.h>
| int
| main ()
| {
| unsigned int v1 = 0; size_t v2 = 0; return (&v1 - &v2)
|   ;
|   return 0;
| }
configure:22014: gcc -c -g -O2  conftest.c >&5
configure:22021: $? = 0
configure:22056: gcc -c -g -O2  conftest.c >&5
conftest.c: In function 'main':
conftest.c:59:55: error: invalid operands to binary - (have 'long long unsigned int *' and 'size_t *')
configure:22063: $? = 1
configure: failed program was:
| /* confdefs.h.  */
| #define PACKAGE_NAME "gperftools"
| #define PACKAGE_TARNAME "gperftools"
| #define PACKAGE_VERSION "2.0"
| #define PACKAGE_STRING "gperftools 2.0"
| #define PACKAGE_BUGREPORT "google-perftools@googlegroups.com"
| #define PACKAGE "gperftools"
| #define VERSION "2.0"
| #define STDC_HEADERS 1
| #define HAVE_SYS_TYPES_H 1
| #define HAVE_SYS_STAT_H 1
| #define HAVE_STDLIB_H 1
| #define HAVE_STRING_H 1
| #define HAVE_MEMORY_H 1
| #define HAVE_STRINGS_H 1
| #define HAVE_INTTYPES_H 1
| #define HAVE_STDINT_H 1
| #define HAVE_UNISTD_H 1
| #define HAVE_DLFCN_H 1
| #define LT_OBJDIR ".libs/"
| #define HAVE___ATTRIBUTE__ 1
| #define STDC_HEADERS 1
| #define HAVE_STRUCT_MALLINFO 1
| #define HAVE_ELF32_VERSYM 1
| #define HAVE_SBRK 1
| #define HAVE_GETEUID 1
| #define HAVE_FEATURES_H 1
| #define HAVE_MALLOC_H 1
| #define HAVE_GLOB_H 1
| #define HAVE_EXECINFO_H 1
| #define HAVE_UNWIND_H 1
| #define HAVE_SCHED_H 1
| #define HAVE_SYS_PRCTL_H 1
| #define HAVE_LINUX_PTRACE_H 1
| #define HAVE_SYS_SYSCALL_H 1
| #define HAVE_SYS_SOCKET_H 1
| #define HAVE_SYS_WAIT_H 1
| #define HAVE_POLL_H 1
| #define HAVE_FCNTL_H 1
| #define HAVE_GRP_H 1
| #define HAVE_PWD_H 1
| #define HAVE_SYS_RESOURCE_H 1
| #define HAVE_SYS_CDEFS_H 1
| #define HAVE_FEATURES_H 1
| #define HAVE_DECL_CFREE 1
| #define HAVE_DECL_POSIX_MEMALIGN 1
| #define HAVE_DECL_MEMALIGN 1
| #define HAVE_DECL_VALLOC 1
| #define HAVE_DECL_PVALLOC 1
| #define HAVE_STDLIB_H 1
| #define HAVE_UNISTD_H 1
| #define HAVE_GETPAGESIZE 1
| #define HAVE_MMAP 1
| /* end confdefs.h.  */
| #include <stddef.h>
| int
| main ()
| {
| unsigned long long v1 = 0; size_t v2 = 0; return (&v1 - &v2)
|   ;
|   return 0;
| }
configure:22079: result: l
configure:22107: checking for __builtin_stack_pointer()
configure:22130: gcc -o conftest -g -O2   conftest.c  >&5
conftest.c: In function 'main':
conftest.c:62:12: warning: initialization makes pointer from integer without a cast [enabled by default]
/tmp/ccHI1EB2.o: In function `main':
/afs/cs.wisc.edu/u/s/w/swapnilh/private/NVM_fall2015/gem5_new/gem5/workloads/echo-keyvalue2/echo/src/malloc/gperftools-2.0/conftest.c:62: undefined reference to `__builtin_stack_pointer'
collect2: error: ld returned 1 exit status
configure:22137: $? = 1
configure: failed program was:
| /* confdefs.h.  */
| #define PACKAGE_NAME "gperftools"
| #define PACKAGE_TARNAME "gperftools"
| #define PACKAGE_VERSION "2.0"
| #define PACKAGE_STRING "gperftools 2.0"
| #define PACKAGE_BUGREPORT "google-perftools@googlegroups.com"
| #define PACKAGE "gperftools"
| #define VERSION "2.0"
| #define STDC_HEADERS 1
| #define HAVE_SYS_TYPES_H 1
| #define HAVE_SYS_STAT_H 1
| #define HAVE_STDLIB_H 1
| #define HAVE_STRING_H 1
| #define HAVE_MEMORY_H 1
| #define HAVE_STRINGS_H 1
| #define HAVE_INTTYPES_H 1
| #define HAVE_STDINT_H 1
| #define HAVE_UNISTD_H 1
| #define HAVE_DLFCN_H 1
| #define LT_OBJDIR ".libs/"
| #define HAVE___ATTRIBUTE__ 1
| #define STDC_HEADERS 1
| #define HAVE_STRUCT_MALLINFO 1
| #define HAVE_ELF32_VERSYM 1
| #define HAVE_SBRK 1
| #define HAVE_GETEUID 1
| #define HAVE_FEATURES_H 1
| #define HAVE_MALLOC_H 1
| #define HAVE_GLOB_H 1
| #define HAVE_EXECINFO_H 1
| #define HAVE_UNWIND_H 1
| #define HAVE_SCHED_H 1
| #define HAVE_SYS_PRCTL_H 1
| #define HAVE_LINUX_PTRACE_H 1
| #define HAVE_SYS_SYSCALL_H 1
| #define HAVE_SYS_SOCKET_H 1
| #define HAVE_SYS_WAIT_H 1
| #define HAVE_POLL_H 1
| #define HAVE_FCNTL_H 1
| #define HAVE_GRP_H 1
| #define HAVE_PWD_H 1
| #define HAVE_SYS_RESOURCE_H 1
| #define HAVE_SYS_CDEFS_H 1
| #define HAVE_FEATURES_H 1
| #define HAVE_DECL_CFREE 1
| #define HAVE_DECL_POSIX_MEMALIGN 1
| #define HAVE_DECL_MEMALIGN 1
| #define HAVE_DECL_VALLOC 1
| #define HAVE_DECL_PVALLOC 1
| #define HAVE_STDLIB_H 1
| #define HAVE_UNISTD_H 1
| #define HAVE_GETPAGESIZE 1
| #define HAVE_MMAP 1
| #define PRIuS "lu"
| #define PRIxS "lx"
| #define PRIdS "ld"
| /* end confdefs.h.  */
| 
| int
| main ()
| {
| void *sp = __builtin_stack_pointer()
|   ;
|   return 0;
| }
configure:22156: result: no
configure:22165: checking for __environ
configure:22188: gcc -o conftest -g -O2   conftest.c  >&5
configure:22195: $? = 0
configure:22208: result: yes
configure:22226: checking for __thread
configure:22251: gcc -o conftest -g -O2   conftest.c  >&5
configure:22258: $? = 0
configure:22271: result: yes
configure:22286: checking if __malloc_hook is declared volatile
configure:22310: gcc -c -g -O2  conftest.c >&5
conftest.c:61:19: error: conflicting type qualifiers for '__malloc_hook'
In file included from conftest.c:60:0:
/usr/include/malloc.h:165:16: note: previous declaration of '__malloc_hook' was here
configure:22317: $? = 1
configure: failed program was:
| /* confdefs.h.  */
| #define PACKAGE_NAME "gperftools"
| #define PACKAGE_TARNAME "gperftools"
| #define PACKAGE_VERSION "2.0"
| #define PACKAGE_STRING "gperftools 2.0"
| #define PACKAGE_BUGREPORT "google-perftools@googlegroups.com"
| #define PACKAGE "gperftools"
| #define VERSION "2.0"
| #define STDC_HEADERS 1
| #define HAVE_SYS_TYPES_H 1
| #define HAVE_SYS_STAT_H 1
| #define HAVE_STDLIB_H 1
| #define HAVE_STRING_H 1
| #define HAVE_MEMORY_H 1
| #define HAVE_STRINGS_H 1
| #define HAVE_INTTYPES_H 1
| #define HAVE_STDINT_H 1
| #define HAVE_UNISTD_H 1
| #define HAVE_DLFCN_H 1
| #define LT_OBJDIR ".libs/"
| #define HAVE___ATTRIBUTE__ 1
| #define STDC_HEADERS 1
| #define HAVE_STRUCT_MALLINFO 1
| #define HAVE_ELF32_VERSYM 1
| #define HAVE_SBRK 1
| #define HAVE_GETEUID 1
| #define HAVE_FEATURES_H 1
| #define HAVE_MALLOC_H 1
| #define HAVE_GLOB_H 1
| #define HAVE_EXECINFO_H 1
| #define HAVE_UNWIND_H 1
| #define HAVE_SCHED_H 1
| #define HAVE_SYS_PRCTL_H 1
| #define HAVE_LINUX_PTRACE_H 1
| #define HAVE_SYS_SYSCALL_H 1
| #define HAVE_SYS_SOCKET_H 1
| #define HAVE_SYS_WAIT_H 1
| #define HAVE_POLL_H 1
| #define HAVE_FCNTL_H 1
| #define HAVE_GRP_H 1
| #define HAVE_PWD_H 1
| #define HAVE_SYS_RESOURCE_H 1
| #define HAVE_SYS_CDEFS_H 1
| #define HAVE_FEATURES_H 1
| #define HAVE_DECL_CFREE 1
| #define HAVE_DECL_POSIX_MEMALIGN 1
| #define HAVE_DECL_MEMALIGN 1
| #define HAVE_DECL_VALLOC 1
| #define HAVE_DECL_PVALLOC 1
| #define HAVE_STDLIB_H 1
| #define HAVE_UNISTD_H 1
| #define HAVE_GETPAGESIZE 1
| #define HAVE_MMAP 1
| #define PRIuS "lu"
| #define PRIxS "lx"
| #define PRIdS "ld"
| #define HAVE___ENVIRON 1
| #define HAVE_TLS 1
| /* end confdefs.h.  */
| #include <malloc.h>
| void* (* volatile __malloc_hook)(size_t, const void*) = 0;
| int
| main ()
| {
| 
|   ;
|   return 0;
| }
configure:22337: result: no
configure:22347: checking if nanosleep requires any libraries
configure:22380: gcc -o conftest -g -O2   conftest.c  >&5
configure:22387: $? = 0
configure:22467: result: no
configure:22490: checking whether uname is declared
configure:22520: gcc -c -g -O2  conftest.c >&5
configure:22527: $? = 0
configure:22542: result: yes
configure:22758: checking for the pthreads library -lpthreads
configure:22801: gcc -o conftest -g -O2    conftest.c -lpthreads  >&5
/usr/bin/ld: cannot find -lpthreads
collect2: error: ld returned 1 exit status
configure:22808: $? = 1
configure: failed program was:
| /* confdefs.h.  */
| #define PACKAGE_NAME "gperftools"
| #define PACKAGE_TARNAME "gperftools"
| #define PACKAGE_VERSION "2.0"
| #define PACKAGE_STRING "gperftools 2.0"
| #define PACKAGE_BUGREPORT "google-perftools@googlegroups.com"
| #define PACKAGE "gperftools"
| #define VERSION "2.0"
| #define STDC_HEADERS 1
| #define HAVE_SYS_TYPES_H 1
| #define HAVE_SYS_STAT_H 1
| #define HAVE_STDLIB_H 1
| #define HAVE_STRING_H 1
| #define HAVE_MEMORY_H 1
| #define HAVE_STRINGS_H 1
| #define HAVE_INTTYPES_H 1
| #define HAVE_STDINT_H 1
| #define HAVE_UNISTD_H 1
| #define HAVE_DLFCN_H 1
| #define LT_OBJDIR ".libs/"
| #define HAVE___ATTRIBUTE__ 1
| #define STDC_HEADERS 1
| #define HAVE_STRUCT_MALLINFO 1
| #define HAVE_ELF32_VERSYM 1
| #define HAVE_SBRK 1
| #define HAVE_GETEUID 1
| #define HAVE_FEATURES_H 1
| #define HAVE_MALLOC_H 1
| #define HAVE_GLOB_H 1
| #define HAVE_EXECINFO_H 1
| #define HAVE_UNWIND_H 1
| #define HAVE_SCHED_H 1
| #define HAVE_SYS_PRCTL_H 1
| #define HAVE_LINUX_PTRACE_H 1
| #define HAVE_SYS_SYSCALL_H 1
| #define HAVE_SYS_SOCKET_H 1
| #define HAVE_SYS_WAIT_H 1
| #define HAVE_POLL_H 1
| #define HAVE_FCNTL_H 1
| #define HAVE_GRP_H 1
| #define HAVE_PWD_H 1
| #define HAVE_SYS_RESOURCE_H 1
| #define HAVE_SYS_CDEFS_H 1
| #define HAVE_FEATURES_H 1
| #define HAVE_DECL_CFREE 1
| #define HAVE_DECL_POSIX_MEMALIGN 1
| #define HAVE_DECL_MEMALIGN 1
| #define HAVE_DECL_VALLOC 1
| #define HAVE_DECL_PVALLOC 1
| #define HAVE_STDLIB_H 1
| #define HAVE_UNISTD_H 1
| #define HAVE_GETPAGESIZE 1
| #define HAVE_MMAP 1
| #define PRIuS "lu"
| #define PRIxS "lx"
| #define PRIdS "ld"
| #define HAVE___ENVIRON 1
| #define HAVE_TLS 1
| #define MALLOC_HOOK_MAYBE_VOLATILE /**/
| #define HAVE_DECL_UNAME 1
| /* end confdefs.h.  */
| #include <pthread.h>
| int
| main ()
| {
| pthread_t th; pthread_join(th, 0);
|                      pthread_attr_init(0); pthread_cleanup_push(0, 0);
|                      pthread_create(0,0,0,0); pthread_cleanup_pop(0);
|   ;
|   return 0;
| }
configure:22831: result: no
configure:22703: checking whether pthreads work without any flags
configure:22801: gcc -o conftest -g -O2    conftest.c   >&5
/tmp/cc6z9sBG.o: In function `main':
/afs/cs.wisc.edu/u/s/w/swapnilh/private/NVM_fall2015/gem5_new/gem5/workloads/echo-keyvalue2/echo/src/malloc/gperftools-2.0/conftest.c:66: undefined reference to `pthread_join'
/afs/cs.wisc.edu/u/s/w/swapnilh/private/NVM_fall2015/gem5_new/gem5/workloads/echo-keyvalue2/echo/src/malloc/gperftools-2.0/conftest.c:67: undefined reference to `__pthread_register_cancel'
/afs/cs.wisc.edu/u/s/w/swapnilh/private/NVM_fall2015/gem5_new/gem5/workloads/echo-keyvalue2/echo/src/malloc/gperftools-2.0/conftest.c:68: undefined reference to `pthread_create'
/afs/cs.wisc.edu/u/s/w/swapnilh/private/NVM_fall2015/gem5_new/gem5/workloads/echo-keyvalue2/echo/src/malloc/gperftools-2.0/conftest.c:68: undefined reference to `__pthread_unregister_cancel'
collect2: error: ld returned 1 exit status
configure:22808: $? = 1
configure: failed program was:
| /* confdefs.h.  */
| #define PACKAGE_NAME "gperftools"
| #define PACKAGE_TARNAME "gperftools"
| #define PACKAGE_VERSION "2.0"
| #define PACKAGE_STRING "gperftools 2.0"
| #define PACKAGE_BUGREPORT "google-perftools@googlegroups.com"
| #define PACKAGE "gperftools"
| #define VERSION "2.0"
| #define STDC_HEADERS 1
| #define HAVE_SYS_TYPES_H 1
| #define HAVE_SYS_STAT_H 1
| #define HAVE_STDLIB_H 1
| #define HAVE_STRING_H 1
| #define HAVE_MEMORY_H 1
| #define HAVE_STRINGS_H 1
| #define HAVE_INTTYPES_H 1
| #define HAVE_STDINT_H 1
| #define HAVE_UNISTD_H 1
| #define HAVE_DLFCN_H 1
| #define LT_OBJDIR ".libs/"
| #define HAVE___ATTRIBUTE__ 1
| #define STDC_HEADERS 1
| #define HAVE_STRUCT_MALLINFO 1
| #define HAVE_ELF32_VERSYM 1
| #define HAVE_SBRK 1
| #define HAVE_GETEUID 1
| #define HAVE_FEATURES_H 1
| #define HAVE_MALLOC_H 1
| #define HAVE_GLOB_H 1
| #define HAVE_EXECINFO_H 1
| #define HAVE_UNWIND_H 1
| #define HAVE_SCHED_H 1
| #define HAVE_SYS_PRCTL_H 1
| #define HAVE_LINUX_PTRACE_H 1
| #define HAVE_SYS_SYSCALL_H 1
| #define HAVE_SYS_SOCKET_H 1
| #define HAVE_SYS_WAIT_H 1
| #define HAVE_POLL_H 1
| #define HAVE_FCNTL_H 1
| #define HAVE_GRP_H 1
| #define HAVE_PWD_H 1
| #define HAVE_SYS_RESOURCE_H 1
| #define HAVE_SYS_CDEFS_H 1
| #define HAVE_FEATURES_H 1
| #define HAVE_DECL_CFREE 1
| #define HAVE_DECL_POSIX_MEMALIGN 1
| #define HAVE_DECL_MEMALIGN 1
| #define HAVE_DECL_VALLOC 1
| #define HAVE_DECL_PVALLOC 1
| #define HAVE_STDLIB_H 1
| #define HAVE_UNISTD_H 1
| #define HAVE_GETPAGESIZE 1
| #define HAVE_MMAP 1
| #define PRIuS "lu"
| #define PRIxS "lx"
| #define PRIdS "ld"
| #define HAVE___ENVIRON 1
| #define HAVE_TLS 1
| #define MALLOC_HOOK_MAYBE_VOLATILE /**/
| #define HAVE_DECL_UNAME 1
| /* end confdefs.h.  */
| #include <pthread.h>
| int
| main ()
| {
| pthread_t th; pthread_join(th, 0);
|                      pthread_attr_init(0); pthread_cleanup_push(0, 0);
|                      pthread_create(0,0,0,0); pthread_cleanup_pop(0);
|   ;
|   return 0;
| }
configure:22831: result: no
configure:22708: checking whether pthreads work with -Kthread
configure:22801: gcc -o conftest -g -O2 -Kthread   conftest.c   >&5
gcc.bin: error: unrecognized command line option '-Kthread'
configure:22808: $? = 1
configure: failed program was:
| /* confdefs.h.  */
| #define PACKAGE_NAME "gperftools"
| #define PACKAGE_TARNAME "gperftools"
| #define PACKAGE_VERSION "2.0"
| #define PACKAGE_STRING "gperftools 2.0"
| #define PACKAGE_BUGREPORT "google-perftools@googlegroups.com"
| #define PACKAGE "gperftools"
| #define VERSION "2.0"
| #define STDC_HEADERS 1
| #define HAVE_SYS_TYPES_H 1
| #define HAVE_SYS_STAT_H 1
| #define HAVE_STDLIB_H 1
| #define HAVE_STRING_H 1
| #define HAVE_MEMORY_H 1
| #define HAVE_STRINGS_H 1
| #define HAVE_INTTYPES_H 1
| #define HAVE_STDINT_H 1
| #define HAVE_UNISTD_H 1
| #define HAVE_DLFCN_H 1
| #define LT_OBJDIR ".libs/"
| #define HAVE___ATTRIBUTE__ 1
| #define STDC_HEADERS 1
| #define HAVE_STRUCT_MALLINFO 1
| #define HAVE_ELF32_VERSYM 1
| #define HAVE_SBRK 1
| #define HAVE_GETEUID 1
| #define HAVE_FEATURES_H 1
| #define HAVE_MALLOC_H 1
| #define HAVE_GLOB_H 1
| #define HAVE_EXECINFO_H 1
| #define HAVE_UNWIND_H 1
| #define HAVE_SCHED_H 1
| #define HAVE_SYS_PRCTL_H 1
| #define HAVE_LINUX_PTRACE_H 1
| #define HAVE_SYS_SYSCALL_H 1
| #define HAVE_SYS_SOCKET_H 1
| #define HAVE_SYS_WAIT_H 1
| #define HAVE_POLL_H 1
| #define HAVE_FCNTL_H 1
| #define HAVE_GRP_H 1
| #define HAVE_PWD_H 1
| #define HAVE_SYS_RESOURCE_H 1
| #define HAVE_SYS_CDEFS_H 1
| #define HAVE_FEATURES_H 1
| #define HAVE_DECL_CFREE 1
| #define HAVE_DECL_POSIX_MEMALIGN 1
| #define HAVE_DECL_MEMALIGN 1
| #define HAVE_DECL_VALLOC 1
| #define HAVE_DECL_PVALLOC 1
| #define HAVE_STDLIB_H 1
| #define HAVE_UNISTD_H 1
| #define HAVE_GETPAGESIZE 1
| #define HAVE_MMAP 1
| #define PRIuS "lu"
| #define PRIxS "lx"
| #define PRIdS "ld"
| #define HAVE___ENVIRON 1
| #define HAVE_TLS 1
| #define MALLOC_HOOK_MAYBE_VOLATILE /**/
| #define HAVE_DECL_UNAME 1
| /* end confdefs.h.  */
| #include <pthread.h>
| int
| main ()
| {
| pthread_t th; pthread_join(th, 0);
|                      pthread_attr_init(0); pthread_cleanup_push(0, 0);
|                      pthread_create(0,0,0,0); pthread_cleanup_pop(0);
|   ;
|   return 0;
| }
configure:22831: result: no
configure:22708: checking whether pthreads work with -kthread
configure:22801: gcc -o conftest -g -O2 -kthread   conftest.c   >&5
gcc.bin: error: unrecognized command line option '-kthread'
configure:22808: $? = 1
configure: failed program was:
| /* confdefs.h.  */
| #define PACKAGE_NAME "gperftools"
| #define PACKAGE_TARNAME "gperftools"
| #define PACKAGE_VERSION "2.0"
| #define PACKAGE_STRING "gperftools 2.0"
| #define PACKAGE_BUGREPORT "google-perftools@googlegroups.com"
| #define PACKAGE "gperftools"
| #define VERSION "2.0"
| #define STDC_HEADERS 1
| #define HAVE_SYS_TYPES_H 1
| #define HAVE_SYS_STAT_H 1
| #define HAVE_STDLIB_H 1
| #define HAVE_STRING_H 1
| #define HAVE_MEMORY_H 1
| #define HAVE_STRINGS_H 1
| #define HAVE_INTTYPES_H 1
| #define HAVE_STDINT_H 1
| #define HAVE_UNISTD_H 1
| #define HAVE_DLFCN_H 1
| #define LT_OBJDIR ".libs/"
| #define HAVE___ATTRIBUTE__ 1
| #define STDC_HEADERS 1
| #define HAVE_STRUCT_MALLINFO 1
| #define HAVE_ELF32_VERSYM 1
| #define HAVE_SBRK 1
| #define HAVE_GETEUID 1
| #define HAVE_FEATURES_H 1
| #define HAVE_MALLOC_H 1
| #define HAVE_GLOB_H 1
| #define HAVE_EXECINFO_H 1
| #define HAVE_UNWIND_H 1
| #define HAVE_SCHED_H 1
| #define HAVE_SYS_PRCTL_H 1
| #define HAVE_LINUX_PTRACE_H 1
| #define HAVE_SYS_SYSCALL_H 1
| #define HAVE_SYS_SOCKET_H 1
| #define HAVE_SYS_WAIT_H 1
| #define HAVE_POLL_H 1
| #define HAVE_FCNTL_H 1
| #define HAVE_GRP_H 1
| #define HAVE_PWD_H 1
| #define HAVE_SYS_RESOURCE_H 1
| #define HAVE_SYS_CDEFS_H 1
| #define HAVE_FEATURES_H 1
| #define HAVE_DECL_CFREE 1
| #define HAVE_DECL_POSIX_MEMALIGN 1
| #define HAVE_DECL_MEMALIGN 1
| #define HAVE_DECL_VALLOC 1
| #define HAVE_DECL_PVALLOC 1
| #define HAVE_STDLIB_H 1
| #define HAVE_UNISTD_H 1
| #define HAVE_GETPAGESIZE 1
| #define HAVE_MMAP 1
| #define PRIuS "lu"
| #define PRIxS "lx"
| #define PRIdS "ld"
| #define HAVE___ENVIRON 1
| #define HAVE_TLS 1
| #define MALLOC_HOOK_MAYBE_VOLATILE /**/
| #define HAVE_DECL_UNAME 1
| /* end confdefs.h.  */
| #include <pthread.h>
| int
| main ()
| {
| pthread_t th; pthread_join(th, 0);
|                      pthread_attr_init(0); pthread_cleanup_push(0, 0);
|                      pthread_create(0,0,0,0); pthread_cleanup_pop(0);
|   ;
|   return 0;
| }
configure:22831: result: no
configure:22758: checking for the pthreads library -llthread
configure:22801: gcc -o conftest -g -O2    conftest.c -llthread  >&5
/usr/bin/ld: cannot find -llthread
collect2: error: ld returned 1 exit status
configure:22808: $? = 1
configure: failed program was:
| /* confdefs.h.  */
| #define PACKAGE_NAME "gperftools"
| #define PACKAGE_TARNAME "gperftools"
| #define PACKAGE_VERSION "2.0"
| #define PACKAGE_STRING "gperftools 2.0"
| #define PACKAGE_BUGREPORT "google-perftools@googlegroups.com"
| #define PACKAGE "gperftools"
| #define VERSION "2.0"
| #define STDC_HEADERS 1
| #define HAVE_SYS_TYPES_H 1
| #define HAVE_SYS_STAT_H 1
| #define HAVE_STDLIB_H 1
| #define HAVE_STRING_H 1
| #define HAVE_MEMORY_H 1
| #define HAVE_STRINGS_H 1
| #define HAVE_INTTYPES_H 1
| #define HAVE_STDINT_H 1
| #define HAVE_UNISTD_H 1
| #define HAVE_DLFCN_H 1
| #define LT_OBJDIR ".libs/"
| #define HAVE___ATTRIBUTE__ 1
| #define STDC_HEADERS 1
| #define HAVE_STRUCT_MALLINFO 1
| #define HAVE_ELF32_VERSYM 1
| #define HAVE_SBRK 1
| #define HAVE_GETEUID 1
| #define HAVE_FEATURES_H 1
| #define HAVE_MALLOC_H 1
| #define HAVE_GLOB_H 1
| #define HAVE_EXECINFO_H 1
| #define HAVE_UNWIND_H 1
| #define HAVE_SCHED_H 1
| #define HAVE_SYS_PRCTL_H 1
| #define HAVE_LINUX_PTRACE_H 1
| #define HAVE_SYS_SYSCALL_H 1
| #define HAVE_SYS_SOCKET_H 1
| #define HAVE_SYS_WAIT_H 1
| #define HAVE_POLL_H 1
| #define HAVE_FCNTL_H 1
| #define HAVE_GRP_H 1
| #define HAVE_PWD_H 1
| #define HAVE_SYS_RESOURCE_H 1
| #define HAVE_SYS_CDEFS_H 1
| #define HAVE_FEATURES_H 1
| #define HAVE_DECL_CFREE 1
| #define HAVE_DECL_POSIX_MEMALIGN 1
| #define HAVE_DECL_MEMALIGN 1
| #define HAVE_DECL_VALLOC 1
| #define HAVE_DECL_PVALLOC 1
| #define HAVE_STDLIB_H 1
| #define HAVE_UNISTD_H 1
| #define HAVE_GETPAGESIZE 1
| #define HAVE_MMAP 1
| #define PRIuS "lu"
| #define PRIxS "lx"
| #define PRIdS "ld"
| #define HAVE___ENVIRON 1
| #define HAVE_TLS 1
| #define MALLOC_HOOK_MAYBE_VOLATILE /**/
| #define HAVE_DECL_UNAME 1
| /* end confdefs.h.  */
| #include <pthread.h>
| int
| main ()
| {
| pthread_t th; pthread_join(th, 0);
|                      pthread_attr_init(0); pthread_cleanup_push(0, 0);
|                      pthread_create(0,0,0,0); pthread_cleanup_pop(0);
|   ;
|   return 0;
| }
configure:22831: result: no
configure:22708: checking whether pthreads work with -pthread
configure:22801: gcc -o conftest -g -O2 -pthread   conftest.c   >&5
configure:22808: $? = 0
configure:22831: result: yes
configure:22850: checking for joinable pthread attribute
configure:22875: gcc -o conftest -g -O2 -pthread   conftest.c   >&5
configure:22882: $? = 0
configure:22902: result: PTHREAD_CREATE_JOINABLE
configure:22912: checking if more special flags are required for pthreads
configure:22919: result: no
configure:23008: checking whether to check for GCC pthread/shared inconsistencies
configure:23031: gcc -o conftest -shared -fPIC -Wl,-z,defs -g -O2 -pthread   conftest.c   >&5
configure:23038: $? = 0
configure:23062: result: yes
configure:23068: checking whether -pthread is sufficient with -shared
configure:23093: gcc -o conftest -shared -fPIC -Wl,-z,defs -g -O2 -pthread   conftest.c   >&5
configure:23100: $? = 0
configure:23121: result: yes
configure:23271: checking whether what we have so far is sufficient with -nostdlib
configure:23299: gcc -o conftest -nostdlib -shared -fPIC -Wl,-z,defs -g -O2 -pthread   conftest.c   -lc >&5
/tmp/cccHppVv.o: In function `main':
/afs/cs.wisc.edu/u/s/w/swapnilh/private/NVM_fall2015/gem5_new/gem5/workloads/echo-keyvalue2/echo/src/malloc/gperftools-2.0/conftest.c:66: undefined reference to `pthread_join'
/afs/cs.wisc.edu/u/s/w/swapnilh/private/NVM_fall2015/gem5_new/gem5/workloads/echo-keyvalue2/echo/src/malloc/gperftools-2.0/conftest.c:67: undefined reference to `__pthread_register_cancel'
/afs/cs.wisc.edu/u/s/w/swapnilh/private/NVM_fall2015/gem5_new/gem5/workloads/echo-keyvalue2/echo/src/malloc/gperftools-2.0/conftest.c:68: undefined reference to `pthread_create'
/afs/cs.wisc.edu/u/s/w/swapnilh/private/NVM_fall2015/gem5_new/gem5/workloads/echo-keyvalue2/echo/src/malloc/gperftools-2.0/conftest.c:68: undefined reference to `__pthread_unregister_cancel'
collect2: error: ld returned 1 exit status
configure:23306: $? = 1
configure: failed program was:
| /* confdefs.h.  */
| #define PACKAGE_NAME "gperftools"
| #define PACKAGE_TARNAME "gperftools"
| #define PACKAGE_VERSION "2.0"
| #define PACKAGE_STRING "gperftools 2.0"
| #define PACKAGE_BUGREPORT "google-perftools@googlegroups.com"
| #define PACKAGE "gperftools"
| #define VERSION "2.0"
| #define STDC_HEADERS 1
| #define HAVE_SYS_TYPES_H 1
| #define HAVE_SYS_STAT_H 1
| #define HAVE_STDLIB_H 1
| #define HAVE_STRING_H 1
| #define HAVE_MEMORY_H 1
| #define HAVE_STRINGS_H 1
| #define HAVE_INTTYPES_H 1
| #define HAVE_STDINT_H 1
| #define HAVE_UNISTD_H 1
| #define HAVE_DLFCN_H 1
| #define LT_OBJDIR ".libs/"
| #define HAVE___ATTRIBUTE__ 1
| #define STDC_HEADERS 1
| #define HAVE_STRUCT_MALLINFO 1
| #define HAVE_ELF32_VERSYM 1
| #define HAVE_SBRK 1
| #define HAVE_GETEUID 1
| #define HAVE_FEATURES_H 1
| #define HAVE_MALLOC_H 1
| #define HAVE_GLOB_H 1
| #define HAVE_EXECINFO_H 1
| #define HAVE_UNWIND_H 1
| #define HAVE_SCHED_H 1
| #define HAVE_SYS_PRCTL_H 1
| #define HAVE_LINUX_PTRACE_H 1
| #define HAVE_SYS_SYSCALL_H 1
| #define HAVE_SYS_SOCKET_H 1
| #define HAVE_SYS_WAIT_H 1
| #define HAVE_POLL_H 1
| #define HAVE_FCNTL_H 1
| #define HAVE_GRP_H 1
| #define HAVE_PWD_H 1
| #define HAVE_SYS_RESOURCE_H 1
| #define HAVE_SYS_CDEFS_H 1
| #define HAVE_FEATURES_H 1
| #define HAVE_DECL_CFREE 1
| #define HAVE_DECL_POSIX_MEMALIGN 1
| #define HAVE_DECL_MEMALIGN 1
| #define HAVE_DECL_VALLOC 1
| #define HAVE_DECL_PVALLOC 1
| #define HAVE_STDLIB_H 1
| #define HAVE_UNISTD_H 1
| #define HAVE_GETPAGESIZE 1
| #define HAVE_MMAP 1
| #define PRIuS "lu"
| #define PRIxS "lx"
| #define PRIdS "ld"
| #define HAVE___ENVIRON 1
| #define HAVE_TLS 1
| #define MALLOC_HOOK_MAYBE_VOLATILE /**/
| #define HAVE_DECL_UNAME 1
| /* end confdefs.h.  */
| #include <pthread.h>
| int
| main ()
| {
| pthread_t th; pthread_join(th, 0);
| 	       pthread_attr_init(0); pthread_cleanup_push(0, 0);
| 	       pthread_create(0,0,0,0); pthread_cleanup_pop(0);
|   ;
|   return 0;
| }
configure:23330: result: no
configure:23335: checking whether -lpthread saves the day
configure:23361: gcc -o conftest -nostdlib -shared -fPIC -Wl,-z,defs -g -O2 -pthread   conftest.c -lpthread   -lc >&5
configure:23368: $? = 0
configure:23389: result: yes
configure:23432: checking whether the compiler implements namespaces
configure:23466: g++ -c -g -O2  conftest.cpp >&5
configure:23473: $? = 0
configure:23494: result: yes
configure:23503: checking what namespace STL code is in
configure:23537: g++ -c -g -O2  conftest.cpp >&5
conftest.cpp: In function 'int main()':
conftest.cpp:68:1: error: 'vector' was not declared in this scope
conftest.cpp:68:1: note: suggested alternative:
In file included from /afs/cs.wisc.edu/s/gcc-4.7.3/amd64_rhel6/bin/../lib/gcc/x86_64-unknown-linux-gnu/4.7.3/../../../../include/c++/4.7.3/vector:65:0,
                 from conftest.cpp:64:
/afs/cs.wisc.edu/s/gcc-4.7.3/amd64_rhel6/bin/../lib/gcc/x86_64-unknown-linux-gnu/4.7.3/../../../../include/c++/4.7.3/bits/stl_vector.h:208:11: note:   'std::vector'
conftest.cpp:68:8: error: expected primary-expression before 'int'
conftest.cpp:68:8: error: expected ';' before 'int'
configure:23544: $? = 1
configure: failed program was:
| /* confdefs.h.  */
| #define PACKAGE_NAME "gperftools"
| #define PACKAGE_TARNAME "gperftools"
| #define PACKAGE_VERSION "2.0"
| #define PACKAGE_STRING "gperftools 2.0"
| #define PACKAGE_BUGREPORT "google-perftools@googlegroups.com"
| #define PACKAGE "gperftools"
| #define VERSION "2.0"
| #define STDC_HEADERS 1
| #define HAVE_SYS_TYPES_H 1
| #define HAVE_SYS_STAT_H 1
| #define HAVE_STDLIB_H 1
| #define HAVE_STRING_H 1
| #define HAVE_MEMORY_H 1
| #define HAVE_STRINGS_H 1
| #define HAVE_INTTYPES_H 1
| #define HAVE_STDINT_H 1
| #define HAVE_UNISTD_H 1
| #define HAVE_DLFCN_H 1
| #define LT_OBJDIR ".libs/"
| #define HAVE___ATTRIBUTE__ 1
| #define STDC_HEADERS 1
| #define HAVE_STRUCT_MALLINFO 1
| #define HAVE_ELF32_VERSYM 1
| #define HAVE_SBRK 1
| #define HAVE_GETEUID 1
| #define HAVE_FEATURES_H 1
| #define HAVE_MALLOC_H 1
| #define HAVE_GLOB_H 1
| #define HAVE_EXECINFO_H 1
| #define HAVE_UNWIND_H 1
| #define HAVE_SCHED_H 1
| #define HAVE_SYS_PRCTL_H 1
| #define HAVE_LINUX_PTRACE_H 1
| #define HAVE_SYS_SYSCALL_H 1
| #define HAVE_SYS_SOCKET_H 1
| #define HAVE_SYS_WAIT_H 1
| #define HAVE_POLL_H 1
| #define HAVE_FCNTL_H 1
| #define HAVE_GRP_H 1
| #define HAVE_PWD_H 1
| #define HAVE_SYS_RESOURCE_H 1
| #define HAVE_SYS_CDEFS_H 1
| #define HAVE_FEATURES_H 1
| #define HAVE_DECL_CFREE 1
| #define HAVE_DECL_POSIX_MEMALIGN 1
| #define HAVE_DECL_MEMALIGN 1
| #define HAVE_DECL_VALLOC 1
| #define HAVE_DECL_PVALLOC 1
| #define HAVE_STDLIB_H 1
| #define HAVE_UNISTD_H 1
| #define HAVE_GETPAGESIZE 1
| #define HAVE_MMAP 1
| #define PRIuS "lu"
| #define PRIxS "lx"
| #define PRIdS "ld"
| #define HAVE___ENVIRON 1
| #define HAVE_TLS 1
| #define MALLOC_HOOK_MAYBE_VOLATILE /**/
| #define HAVE_DECL_UNAME 1
| #define HAVE_PTHREAD 1
| #define HAVE_NAMESPACES 1
| /* end confdefs.h.  */
| #include <vector>
| int
| main ()
| {
| vector<int> t; return 0;
|   ;
|   return 0;
| }
configure:23579: g++ -c -g -O2  conftest.cpp >&5
configure:23586: $? = 0
configure:23607: result: std
configure:23626: checking for program_invocation_name
configure:23652: gcc -o conftest -g -O2   conftest.c  >&5
configure:23659: $? = 0
configure:23680: result: yes
configure:24063: creating ./config.status

## ---------------- ##
## Cache variables. ##
## ---------------- ##

ac_cv___attribute__=yes
ac_cv_build=x86_64-unknown-linux-gnu
ac_cv_c_compiler_gnu=yes
ac_cv_c_inline=inline
ac_cv_cxx_compiler_gnu=yes
ac_cv_cxx_namespaces=yes
ac_cv_cxx_stl_namespace=std
ac_cv_env_CCC_set=
ac_cv_env_CCC_value=
ac_cv_env_CC_set=
ac_cv_env_CC_value=
ac_cv_env_CFLAGS_set=
ac_cv_env_CFLAGS_value=
ac_cv_env_CPPFLAGS_set=
ac_cv_env_CPPFLAGS_value=
ac_cv_env_CPP_set=
ac_cv_env_CPP_value=
ac_cv_env_CXXCPP_set=
ac_cv_env_CXXCPP_value=
ac_cv_env_CXXFLAGS_set=
ac_cv_env_CXXFLAGS_value=
ac_cv_env_CXX_set=
ac_cv_env_CXX_value=
ac_cv_env_LDFLAGS_set=
ac_cv_env_LDFLAGS_value=
ac_cv_env_LIBS_set=
ac_cv_env_LIBS_value=
ac_cv_env_build_alias_set=
ac_cv_env_build_alias_value=
ac_cv_env_host_alias_set=
ac_cv_env_host_alias_value=
ac_cv_env_target_alias_set=
ac_cv_env_target_alias_value=
ac_cv_formatting_prius_prefix=l
ac_cv_func_geteuid=yes
ac_cv_func_getpagesize=yes
ac_cv_func_mmap_fixed_mapped=yes
ac_cv_func_sbrk=yes
ac_cv_have_decl_cfree=yes
ac_cv_have_decl_memalign=yes
ac_cv_have_decl_posix_memalign=yes
ac_cv_have_decl_pvalloc=yes
ac_cv_have_decl_uname=yes
ac_cv_have_decl_valloc=yes
ac_cv_have_program_invocation_name=yes
ac_cv_have_struct_mallinfo=1
ac_cv_header_conflict_signal_h=no
ac_cv_header_dlfcn_h=yes
ac_cv_header_execinfo_h=yes
ac_cv_header_fcntl_h=yes
ac_cv_header_features_h=yes
ac_cv_header_glob_h=yes
ac_cv_header_grp_h=yes
ac_cv_header_inttypes_h=yes
ac_cv_header_libunwind_h=no
ac_cv_header_linux_ptrace_h=yes
ac_cv_header_malloc_h=yes
ac_cv_header_malloc_malloc_h=no
ac_cv_header_memory_h=yes
ac_cv_header_poll_h=yes
ac_cv_header_pwd_h=yes
ac_cv_header_sched_h=yes
ac_cv_header_stdc=yes
ac_cv_header_stdint_h=yes
ac_cv_header_stdlib_h=yes
ac_cv_header_string_h=yes
ac_cv_header_strings_h=yes
ac_cv_header_sys_cdefs_h=yes
ac_cv_header_sys_malloc_h=no
ac_cv_header_sys_prctl_h=yes
ac_cv_header_sys_resource_h=yes
ac_cv_header_sys_socket_h=yes
ac_cv_header_sys_stat_h=yes
ac_cv_header_sys_syscall_h=yes
ac_cv_header_sys_types_h=yes
ac_cv_header_sys_wait_h=yes
ac_cv_header_unistd_h=yes
ac_cv_header_unwind_h=yes
ac_cv_header_valgrind_h=no
ac_cv_host=x86_64-unknown-linux-gnu
ac_cv_install_prefix=/afs/cs.wisc.edu/u/s/w/swapnilh/private/NVM_fall2015/gem5_new/gem5/workloads/echo-keyvalue2/echo/src/malloc
ac_cv_lib_unwind_backtrace=no
ac_cv_objext=o
ac_cv_path_EGREP='/bin/grep -E'
ac_cv_path_FGREP='/bin/grep -F'
ac_cv_path_GREP=/bin/grep
ac_cv_path_SED=/bin/sed
ac_cv_path_install='/usr/bin/install -c'
ac_cv_path_mkdir=/bin/mkdir
ac_cv_prius_defined=1
ac_cv_prog_AWK=gawk
ac_cv_prog_CPP='gcc -E'
ac_cv_prog_CXXCPP='g++ -E'
ac_cv_prog_ac_ct_AR=ar
ac_cv_prog_ac_ct_CC=gcc
ac_cv_prog_ac_ct_CXX=g++
ac_cv_prog_ac_ct_OBJCOPY=objcopy
ac_cv_prog_ac_ct_OBJDUMP=objdump
ac_cv_prog_ac_ct_RANLIB=ranlib
ac_cv_prog_ac_ct_STRIP=strip
ac_cv_prog_cc_c89=
ac_cv_prog_cc_g=yes
ac_cv_prog_cc_gcc_c_o=yes
ac_cv_prog_cxx_g=yes
ac_cv_prog_make_make_set=yes
ac_cv_type_Elf32_Versym=yes
ac_cv_type___int64=no
ac_cv_type_struct_mallinfo=yes
am_cv_CC_dependencies_compiler_type=gcc3
am_cv_CXX_dependencies_compiler_type=gcc3
gpt_cv_objcopy_weaken=yes
lt_cv_deplibs_check_method=pass_all
lt_cv_file_magic_cmd='$MAGIC_CMD'
lt_cv_file_magic_test_file=
lt_cv_ld_reload_flag=-r
lt_cv_nm_interface='BSD nm'
lt_cv_objdir=.libs
lt_cv_path_LD=/usr/bin/ld
lt_cv_path_LDCXX='/usr/bin/ld -m elf_x86_64'
lt_cv_path_NM='/usr/bin/nm -B'
lt_cv_prog_compiler_c_o=yes
lt_cv_prog_compiler_c_o_CXX=yes
lt_cv_prog_compiler_pic_works=yes
lt_cv_prog_compiler_pic_works_CXX=yes
lt_cv_prog_compiler_rtti_exceptions=no
lt_cv_prog_compiler_static_works=yes
lt_cv_prog_compiler_static_works_CXX=yes
lt_cv_prog_gnu_ld=yes
lt_cv_prog_gnu_ldcxx=yes
lt_cv_sys_global_symbol_pipe='sed -n -e '\''s/^.*[	 ]\([ABCDGIRSTW][ABCDGIRSTW]*\)[	 ][	 ]*\([_A-Za-z][_A-Za-z0-9]*\)$/\1 \2 \2/p'\'''
lt_cv_sys_global_symbol_to_c_name_address='sed -n -e '\''s/^: \([^ ]*\) $/  {\"\1\", (void *) 0},/p'\'' -e '\''s/^[ABCDGIRSTW]* \([^ ]*\) \([^ ]*\)$/  {"\2", (void *) \&\2},/p'\'''
lt_cv_sys_global_symbol_to_c_name_address_lib_prefix='sed -n -e '\''s/^: \([^ ]*\) $/  {\"\1\", (void *) 0},/p'\'' -e '\''s/^[ABCDGIRSTW]* \([^ ]*\) \(lib[^ ]*\)$/  {"\2", (void *) \&\2},/p'\'' -e '\''s/^[ABCDGIRSTW]* \([^ ]*\) \([^ ]*\)$/  {"lib\2", (void *) \&\2},/p'\'''
lt_cv_sys_global_symbol_to_cdecl='sed -n -e '\''s/^T .* \(.*\)$/extern int \1();/p'\'' -e '\''s/^[ABCDGIRSTW]* .* \(.*\)$/extern char \1;/p'\'''
lt_cv_sys_max_cmd_len=1966080
perftools_cv_w_no_unused_result=yes

## ----------------- ##
## Output variables. ##
## ----------------- ##

ACLOCAL='${SHELL} /afs/cs.wisc.edu/u/s/w/swapnilh/private/NVM_fall2015/gem5_new/gem5/workloads/echo-keyvalue2/echo/src/malloc/gperftools-2.0/missing --run aclocal-1.10'
AMDEPBACKSLASH='\'
AMDEP_FALSE='#'
AMDEP_TRUE=''
AMTAR='${SHELL} /afs/cs.wisc.edu/u/s/w/swapnilh/private/NVM_fall2015/gem5_new/gem5/workloads/echo-keyvalue2/echo/src/malloc/gperftools-2.0/missing --run tar'
AR='ar'
AUTOCONF='${SHELL} /afs/cs.wisc.edu/u/s/w/swapnilh/private/NVM_fall2015/gem5_new/gem5/workloads/echo-keyvalue2/echo/src/malloc/gperftools-2.0/missing --run autoconf'
AUTOHEADER='${SHELL} /afs/cs.wisc.edu/u/s/w/swapnilh/private/NVM_fall2015/gem5_new/gem5/workloads/echo-keyvalue2/echo/src/malloc/gperftools-2.0/missing --run autoheader'
AUTOMAKE='${SHELL} /afs/cs.wisc.edu/u/s/w/swapnilh/private/NVM_fall2015/gem5_new/gem5/workloads/echo-keyvalue2/echo/src/malloc/gperftools-2.0/missing --run automake-1.10'
AWK='gawk'
CC='gcc'
CCDEPMODE='depmode=gcc3'
CFLAGS='-g -O2'
CPP='gcc -E'
CPPFLAGS=''
CXX='g++'
CXXCPP='g++ -E'
CXXDEPMODE='depmode=gcc3'
CXXFLAGS='-g -O2'
CYGPATH_W='echo'
DEFS='-DHAVE_CONFIG_H'
DEPDIR='.deps'
DSYMUTIL=''
DUMPBIN=''
ECHO_C=''
ECHO_N='-n'
ECHO_T=''
EGREP='/bin/grep -E'
ENABLE_FRAME_POINTERS_FALSE=''
ENABLE_FRAME_POINTERS_TRUE='#'
ENABLE_STATIC_FALSE='#'
ENABLE_STATIC_TRUE=''
EXEEXT=''
FGREP='/bin/grep -F'
GCC_FALSE='#'
GCC_TRUE=''
GREP='/bin/grep'
HAVE_OBJCOPY_WEAKEN_FALSE='#'
HAVE_OBJCOPY_WEAKEN_TRUE=''
HAVE_W_NO_UNUSED_RESULT_FALSE='#'
HAVE_W_NO_UNUSED_RESULT_TRUE=''
I386_FALSE=''
I386_TRUE='#'
INSTALL_DATA='${INSTALL} -m 644'
INSTALL_PROGRAM='${INSTALL}'
INSTALL_SCRIPT='${INSTALL}'
INSTALL_STRIP_PROGRAM='$(install_sh) -c -s'
LD='/usr/bin/ld -m elf_x86_64'
LDFLAGS=''
LIBOBJS=''
LIBS=''
LIBSTDCXX_LA_LINKER_FLAG=''
LIBTOOL='$(SHELL) $(top_builddir)/libtool'
LIBTOOL_DEPS='./ltmain.sh'
LIPO=''
LN_S='ln -s'
LTLIBOBJS=''
MAKEINFO='${SHELL} /afs/cs.wisc.edu/u/s/w/swapnilh/private/NVM_fall2015/gem5_new/gem5/workloads/echo-keyvalue2/echo/src/malloc/gperftools-2.0/missing --run makeinfo'
MINGW_FALSE=''
MINGW_TRUE='#'
MKDIR_P='/bin/mkdir -p'
NANOSLEEP_LIBS=''
NM='/usr/bin/nm -B'
NMEDIT=''
OBJCOPY='objcopy'
OBJDUMP='objdump'
OBJEXT='o'
OSX_FALSE=''
OSX_TRUE='#'
OTOOL64=''
OTOOL=''
PACKAGE='gperftools'
PACKAGE_BUGREPORT='google-perftools@googlegroups.com'
PACKAGE_NAME='gperftools'
PACKAGE_STRING='gperftools 2.0'
PACKAGE_TARNAME='gperftools'
PACKAGE_VERSION='2.0'
PATH_SEPARATOR=':'
PROFILER_SO_VERSION='3:0:3'
PTHREAD_CC='gcc'
PTHREAD_CFLAGS='-pthread'
PTHREAD_LIBS=' -lpthread'
RANLIB='ranlib'
SED='/bin/sed'
SET_MAKE=''
SHELL='/bin/sh'
STRIP='strip'
TCMALLOC_SO_VERSION='5:0:1'
TC_VERSION_MAJOR='2'
TC_VERSION_MINOR='0'
TC_VERSION_PATCH=''
UNWIND_LIBS=''
USE_LIBTOOL_FALSE='#'
USE_LIBTOOL_TRUE=''
VERSION='2.0'
WITH_CPU_PROFILER_FALSE=''
WITH_CPU_PROFILER_TRUE='#'
WITH_DEBUGALLOC_FALSE='#'
WITH_DEBUGALLOC_TRUE=''
WITH_HEAP_CHECKER_FALSE=''
WITH_HEAP_CHECKER_TRUE='#'
WITH_HEAP_PROFILER_FALSE=''
WITH_HEAP_PROFILER_OR_CHECKER_FALSE=''
WITH_HEAP_PROFILER_OR_CHECKER_TRUE='#'
WITH_HEAP_PROFILER_TRUE='#'
WITH_STACK_TRACE_FALSE=''
WITH_STACK_TRACE_TRUE='#'
X86_64_AND_NO_FP_BY_DEFAULT_FALSE='#'
X86_64_AND_NO_FP_BY_DEFAULT_TRUE=''
ac_ct_CC='gcc'
ac_ct_CXX='g++'
ac_ct_DUMPBIN=''
ac_cv_have_struct_mallinfo='1'
acx_pthread_config=''
am__fastdepCC_FALSE='#'
am__fastdepCC_TRUE=''
am__fastdepCXX_FALSE='#'
am__fastdepCXX_TRUE=''
am__include='include'
am__isrc=''
am__leading_dot='.'
am__quote=''
am__tar='${AMTAR} chof - "$$tardir"'
am__untar='${AMTAR} xf -'
bindir='${exec_prefix}/bin'
build='x86_64-unknown-linux-gnu'
build_alias=''
build_cpu='x86_64'
build_os='linux-gnu'
build_vendor='unknown'
datadir='${datarootdir}'
datarootdir='${prefix}/share'
docdir='${datarootdir}/doc/${PACKAGE_TARNAME}'
dvidir='${docdir}'
exec_prefix='${prefix}'
host='x86_64-unknown-linux-gnu'
host_alias=''
host_cpu='x86_64'
host_os='linux-gnu'
host_vendor='unknown'
htmldir='${docdir}'
includedir='${prefix}/include'
infodir='${datarootdir}/info'
install_sh='$(SHELL) /afs/cs.wisc.edu/u/s/w/swapnilh/private/NVM_fall2015/gem5_new/gem5/workloads/echo-keyvalue2/echo/src/malloc/gperftools-2.0/install-sh'
libdir='${exec_prefix}/lib'
libexecdir='${exec_prefix}/libexec'
localedir='${datarootdir}/locale'
localstatedir='${prefix}/var'
lt_ECHO='echo'
mandir='${datarootdir}/man'
mkdir_p='/bin/mkdir -p'
oldincludedir='/usr/include'
pdfdir='${docdir}'
prefix='/afs/cs.wisc.edu/u/s/w/swapnilh/private/NVM_fall2015/gem5_new/gem5/workloads/echo-keyvalue2/echo/src/malloc'
program_transform_name='s,x,x,'
psdir='${docdir}'
sbindir='${exec_prefix}/sbin'
sharedstatedir='${prefix}/com'
sysconfdir='${prefix}/etc'
target_alias=''

## ----------- ##
## confdefs.h. ##
## ----------- ##

#define PACKAGE_NAME "gperftools"
#define PACKAGE_TARNAME "gperftools"
#define PACKAGE_VERSION "2.0"
#define PACKAGE_STRING "gperftools 2.0"
#define PACKAGE_BUGREPORT "google-perftools@googlegroups.com"
#define PACKAGE "gperftools"
#define VERSION "2.0"
#define STDC_HEADERS 1
#define HAVE_SYS_TYPES_H 1
#define HAVE_SYS_STAT_H 1
#define HAVE_STDLIB_H 1
#define HAVE_STRING_H 1
#define HAVE_MEMORY_H 1
#define HAVE_STRINGS_H 1
#define HAVE_INTTYPES_H 1
#define HAVE_STDINT_H 1
#define HAVE_UNISTD_H 1
#define HAVE_DLFCN_H 1
#define LT_OBJDIR ".libs/"
#define HAVE___ATTRIBUTE__ 1
#define STDC_HEADERS 1
#define HAVE_STRUCT_MALLINFO 1
#define HAVE_ELF32_VERSYM 1
#define HAVE_SBRK 1
#define HAVE_GETEUID 1
#define HAVE_FEATURES_H 1
#define HAVE_MALLOC_H 1
#define HAVE_GLOB_H 1
#define HAVE_EXECINFO_H 1
#define HAVE_UNWIND_H 1
#define HAVE_SCHED_H 1
#define HAVE_SYS_PRCTL_H 1
#define HAVE_LINUX_PTRACE_H 1
#define HAVE_SYS_SYSCALL_H 1
#define HAVE_SYS_SOCKET_H 1
#define HAVE_SYS_WAIT_H 1
#define HAVE_POLL_H 1
#define HAVE_FCNTL_H 1
#define HAVE_GRP_H 1
#define HAVE_PWD_H 1
#define HAVE_SYS_RESOURCE_H 1
#define HAVE_SYS_CDEFS_H 1
#define HAVE_FEATURES_H 1
#define HAVE_DECL_CFREE 1
#define HAVE_DECL_POSIX_MEMALIGN 1
#define HAVE_DECL_MEMALIGN 1
#define HAVE_DECL_VALLOC 1
#define HAVE_DECL_PVALLOC 1
#define HAVE_STDLIB_H 1
#define HAVE_UNISTD_H 1
#define HAVE_GETPAGESIZE 1
#define HAVE_MMAP 1
#define PRIuS "lu"
#define PRIxS "lx"
#define PRIdS "ld"
#define HAVE___ENVIRON 1
#define HAVE_TLS 1
#define MALLOC_HOOK_MAYBE_VOLATILE /**/
#define HAVE_DECL_UNAME 1
#define HAVE_PTHREAD 1
#define HAVE_NAMESPACES 1
#define STL_NAMESPACE std
#define HAVE_PROGRAM_INVOCATION_NAME 1
#define INSTALL_PREFIX "/afs/cs.wisc.edu/u/s/w/swapnilh/private/NVM_fall2015/gem5_new/gem5/workloads/echo-keyvalue2/echo/src/malloc"
#define PERFTOOLS_DLL_DECL /**/

configure: exit 0

## ---------------------- ##
## Running config.status. ##
## ---------------------- ##

This file was extended by gperftools config.status 2.0, which was
generated by GNU Autoconf 2.63.  Invocation command line was

  CONFIG_FILES    = 
  CONFIG_HEADERS  = 
  CONFIG_LINKS    = 
  CONFIG_COMMANDS = 
  $ ./config.status 

on gratiano.cs.wisc.edu

config.status:1144: creating Makefile
config.status:1144: creating src/gperftools/tcmalloc.h
config.status:1144: creating src/windows/gperftools/tcmalloc.h
config.status:1144: creating src/config.h
config.status:1418: executing depfiles commands
config.status:1418: executing libtool commands

## ---------------------- ##
## Running config.status. ##
## ---------------------- ##

This file was extended by gperftools config.status 2.0, which was
generated by GNU Autoconf 2.63.  Invocation command line was

  CONFIG_FILES    = 
  CONFIG_HEADERS  = 
  CONFIG_LINKS    = 
  CONFIG_COMMANDS = 
  $ ./config.status src/config.h

on gratiano.cs.wisc.edu

config.status:1144: creating src/config.h
